noinvasives/--zL-LG5BWkIPNelNDnQXw,44.633476,-74.455442
noinvasives/-2ujKodJtYqKJAdUPk_euA,43.436943,-73.719379
noinvasives/-3C5lU5j7-DZZlwcxMWW-A,43.697523,-73.851076
noinvasives/-3RyGie8End6TX2Rp7fkeg,44.216455,-73.628792
noinvasives/-4ho7bK57jTl-9X7wncwfQ,43.750114,-74.792961
noinvasives/-517qiqCnlrusjTTWmefWw,43.1412342914,-74.4874022625
noinvasives/-68PzXfhooGW8hFnr3Fx4A,43.194252,-76.398136
noinvasives/-7phBqi84Dla4XlvzcoJMA,44.098886,-73.447882
noinvasives/-7V92T7kwwzEGIVHXelNVw,43.194633,-75.72837
noinvasives/-b3o-6yStau9R__kiB66oA,43.611303,-73.626985
noinvasives/-e1W5sHAvd-K5pl4U6BaTw,43.570699,-73.68307
noinvasives/-HUkqHo-5HyKPds5ns_apw,43.72784,-73.824292
noinvasives/-nsYj-gxElU176G5Ozu2Ww,43.4775,-73.754584
noinvasives/-rS09jAs3R-upjvnteuc9A,43.561053,-73.654092
noinvasives/-s6F1a6MeJwYrm88vspPmQ,43.253802,-73.837022
noinvasives/-vP-VZYGZLJHb-W3_kRtRw,43.724727,-73.827444
noinvasives/-w8xeKgOlcBwLx-D4Ex6Cg,43.703499,-73.504825
noinvasives/-y2eDUp8iC-jP6tXz3rQ9A,43.950474,-73.424177
noinvasives/-zs954EQhQPXzTuCcdFuoQ,43.443217,-73.649321
noinvasives/04oET4ivDhgVs5C_p6ABJA,43.996611,-73.454872
noinvasives/08qv6DZiVyPHa6eNLfnomA,43.026841,-73.405536
noinvasives/09h0bmxLexy5lO8OzuLPQw,43.697317,-73.849952
noinvasives/0AM8xotBEeyYT5rbXLfJDw,43.411265,-73.650044
noinvasives/0EhLYVnHO1bA9XG-9USPuQ,44.216892,-73.625739
noinvasives/0EpevYLQp-Mbo8WdE_Gqkg,43.727259,-73.824039
noinvasives/0flIpVPcFfyCEY7XGribGQ,43.893038,-75.392183
noinvasives/0FtMgJYerqltlNkwDuSryQ,43.558871,-73.668397
noinvasives/0IGZ_jMXkez7FnkJ8O88hQ,44.294942,-73.996882
noinvasives/0Jgq5Uj9hIsZ8T2FhPdXXg,43.635447,-73.93117
noinvasives/0l-OBwhdYTTWbvRbxL5Htw,43.635549,-73.930611
noinvasives/0l1lCRZYkN13EVh7gDDKrw,43.2931185316,-75.0104290196
noinvasives/0NPyhuanuME9Y1AcHYumuA,44.215372,-73.638894
noinvasives/0pqNos6ImnxevYhWs67XGw,44.221231,-73.607353
noinvasives/0Qh7I2TqKFxXPkxNxQ-wxg,43.012989,-75.003834
noinvasives/0UzJinrnrza0k9DwL2LdJw,43.658407,-75.903575
noinvasives/0Zqu1PKWuhfG52bX6LM5nw,44.6530673332,-74.9703973524
noinvasives/0zVBhAxbHE-6M1JkTZDsnA,43.434268,-73.655373
noinvasives/1AiyqZtAb_pAEOmnfUwbgQ,43.430285,-73.688255
noinvasives/1f-DvQOCSv5XVGU2ts_pPA,44.2883326097,-73.9625686756
noinvasives/1MkN1GQA-hx3ozy3PgfDCA,44.318226,-73.782015
noinvasives/1npJOR0GmuhOdTHkfnRAJg,43.558781,-73.654029
noinvasives/1qEcq6R6HZ-ZKIO0qfHKrw,43.588708,-73.661254
noinvasives/1R67rDCGiLpZ-Ky7YtDnFw,43.591756,-73.641367
noinvasives/1SI2wqyjALiY64JF3OqMYA,43.447513,-73.730227
noinvasives/1uMcRdqV9Nj5j7kjCwroWw,44.216466,-73.62868
noinvasives/1V5uYEGXzz6Di8uqEvTwYw,43.572381,-73.683918
noinvasives/1wE8qgdO8CMS8btQEK8mzQ,43.434148,-73.655409
noinvasives/1wHHn63eLTqoDfyvK1H0Yw,43.736118,-73.825651
noinvasives/1YteBS83PvksDgNixQsxaw,43.591119,-73.653986
noinvasives/1yu5XI9iEMGKkYGrg-juZw,43.666054,-75.911137
noinvasives/22NLmj9QpW8vc_aryQCMrQ,43.1860721036,-76.2173907866
noinvasives/22nnK8vVwNzTIYknOWaJEA,43.594285,-73.684669
noinvasives/29_xsTwe7VisOg5enmjMgg,43.844765,-73.417363
noinvasives/2aIukE_YGNnEWonaDZzg1A,43.58673,-73.864117
noinvasives/2DmgSY30oqooojYOcDykxA,43.892996,-75.39246
noinvasives/2dt2SGcPbDPQNLXH_nGIMQ,43.0158913665,-78.7428010755
noinvasives/2f5X9-Tbb7I1b2MokTSkXQ,43.635119,-73.933212
noinvasives/2h--gZVNJRDuIPO77FpAtg,43.148824,-77.522218
noinvasives/2l-XwN-GAFFCTt2YK8q_ow,44.215172,-73.639644
noinvasives/2nJE9wMJjDsW-FaoegBczA,43.537058,-73.667321
noinvasives/2oOHZKP_Zb4ilLl7R-hxVA,43.7409899995,-76.1808700006
noinvasives/2OrT1MqOQc8y-rkZdhm4DA,44.220062,-73.615716
noinvasives/2UfNHUSiqKPjxRbbMVZb7g,43.411289,-73.649795
noinvasives/2VOj3gDofA_g5IZj4z-jng,43.321917,-73.843111
noinvasives/2YBTs_eVU0ynzONTxhasog,43.43132,-73.715058
noinvasives/2_-Sw039fNot6CgLQUsLJg,43.701696,-73.506163
noinvasives/3AqbL4jp6HZ0bUV2mO8nag,43.691597,-73.820745
noinvasives/3bC_0nZzF9qz0g_OvCxnpg,44.70869165,-74.9274975957
noinvasives/3EZoRsaBAlaJkA4ZMFgZvg,44.2098261337,-73.5225282396
noinvasives/3fSnjlPiByu5PShc9mRhwg,44.288299,-74.185743
noinvasives/3IcTla5BsraNzTydbv2NDw,43.211893,-73.865482
noinvasives/3jAgvaYLW1-ApC4kK28TLw,43.9788691801,-74.4362852767
noinvasives/3jeyLfbvc3EHQKIzDpqqvg,43.808464,-73.458099
noinvasives/3jQsbbzh7Yju2flsvklZJw,43.844301,-73.432931
noinvasives/3lq9Mte0F_-YDVs6uKmL6A,43.412195,-73.708198
noinvasives/3M7X0ACVH8sMS_F1o_kMew,44.083877,-75.365396
noinvasives/3ONR3H80zdANLjNwcV_d4A,43.078967,-78.961486
noinvasives/3OW4uxUeppbyXUoNmMTjbw,43.3884991177,-74.6948072666
noinvasives/3pEoGbrh2jxCmlq32qudKw,43.475184,-73.753066
noinvasives/42pCUqspxnIJiacqhhw38w,44.182777,-73.6162
noinvasives/434jQOYEh3z8M3dYk-BaQg,43.470913,-73.749459
noinvasives/44U9gEGid-SKztwvc7krDg,43.587683,-73.644024
noinvasives/49fQ0BN0U7UeodNKZBtL2w,44.216167,-73.635119
noinvasives/4bY_qYRUk5rSz9sR3dpz6w,43.386839,-73.71146
noinvasives/4CPM9LJNscL8UWeOlya3vA,43.654414,-73.80705
noinvasives/4f89CJhtWSbKzHZshWnQHg,43.7650477941,-74.0880188057
noinvasives/4O4NNFsqI3ScCbELXxXozw,43.647002,-73.801758
noinvasives/4sp1yq3RY0RbLyzn3C-RHw,44.217836,-73.598222
noinvasives/4ud9SNXP1tU93KrS1VdS-g,43.328689,-75.736486
noinvasives/4Ul5acWWHAfelAqRIL0I0g,43.59542,-73.867311
noinvasives/4yP_lZ0v9yWDuwtqdn2vnA,43.491046,-73.767003
noinvasives/4_qSpkclSVUHbUtcxtBG9A,43.843043,-73.421942
noinvasives/5-iKCvA-xg2ttvYnQsQ-bQ,43.8018214634,-73.995695531
noinvasives/51ZTwn3vcPi9gTPYSaSLfg,43.211729,-75.713968
noinvasives/549Mceo77-juCKAA04pGTg,44.218201,-73.621763
noinvasives/57H7YU2STAOLplgT0bzMYg,43.0900234747,-76.3253848981
noinvasives/5ApstpQkltSEV1hy44599A,43.0158215613,-78.7452164398
noinvasives/5CUGmj0oH9ySumNAheStww,43.604806,-73.655027
noinvasives/5cwVHlSYB1NMqOzOdxJ0fA,43.69227,-73.821473
noinvasives/5dTAMug6cWURaOHs6UsX6A,43.878404,-73.586734
noinvasives/5Fdo0l6IY4MP3o149zYGGQ,43.878381,-73.586893
noinvasives/5jhouPo-0KY05tLzlTUdDg,43.32851,-75.736431
noinvasives/5lJ5Cw4kpUGsvDmawWWJ2g,43.587744,-73.643973
noinvasives/5NGDzrx-cEtaRsqaeXOPsw,44.210989,-73.721156
noinvasives/5nOWr2euQYI_DmLQxawRuA,43.635499,-73.93089
noinvasives/5nSa9VSLT9ELQb1gZsIDKw,43.463415,-73.639223
noinvasives/5rN2Ju0_04pz8NkdtTU3lA,44.209377,-73.510096
noinvasives/5ShiK8tE80Xq_bFUQO_94g,43.5116208819,-73.7117648398
noinvasives/5tAx_abXV09RgqXa0Als5w,43.0464145423,-77.5704437384
noinvasives/5TMX4jEV6hG7RoIwFBBHRQ,43.7745941301,-74.1876232477
noinvasives/5Vqqd7BDRUKPsPulVrho6w,43.458884,-73.703937
noinvasives/5XDDAbfyJxOIQstb-NIsqg,43.572293,-73.683832
noinvasives/5xhWG_NBHoJW1reWlQRC1A,43.0737717696,-78.1395474194
noinvasives/5Xz9USOIP3yhiJBALSj_sA,43.60461,-73.654917
noinvasives/5yVB-f9kpPLztn_LRMDJWg,43.553504,-73.668633
noinvasives/60Uotx0lIfXvv_rZVD17Ag,43.588914,-73.864141
noinvasives/64brQiqknMioFvkgOg77Bw,43.0225638174,-76.6748714756
noinvasives/64x3K1g9Tr-wAVpNFugJrw,44.216174,-73.633505
noinvasives/676iW6ePe5KyG4KfgKciaQ,43.724457,-73.827669
noinvasives/681rdZx8AnBcOUCXgn7xew,44.216465,-73.633151
noinvasives/69acoIyZnZtdwLWfg8Uhlg,44.0058911523,-74.4882549982
noinvasives/6Bc_1dy9pPKdhgA93GWA9Q,43.845823,-73.433738
noinvasives/6c7MMzi55YkedaBqo3BRCg,43.677204,-73.876685
noinvasives/6C7QaST2ASzK-jkNzusU-w,44.214912,-73.588335
noinvasives/6eo_JMOzhdGBRjYOG0crMA,43.3883614581,-74.6955338936
noinvasives/6FQZ72nBYalVP9MjRLXs0Q,44.220178,-73.615463
noinvasives/6fW9HaDxgfMVmO_Y0gXO9A,43.297773,-73.908751
noinvasives/6HxmT57LffFSWULINbRIHA,43.430639,-73.716122
noinvasives/6JOf5aKI4offPK0bwUbeEw,44.387555,-74.753947
noinvasives/6Kj7g8SBvUeGx3scgjG8QQ,43.434117,-73.721193
noinvasives/6lsBGlh2P944zJ2xITGReQ,43.001105,-78.848221
noinvasives/6Mjmsk4EAc36UCUtxp2C-w,43.764425,-73.754618
noinvasives/6QcXXDBqRzJdZSC6c_-DUg,44.697322,-74.94359
noinvasives/6sdnesZ8pDmyQ1wBrqTR1w,43.470982,-73.749517
noinvasives/6UCaW-ZzkI0SgJ6ebZ1ekQ,44.221209,-73.612603
noinvasives/6WQRRODAOqddaUhocxx8Ug,43.72717,-73.823995
noinvasives/7035jveehNDrTPIIU-FrXQ,43.437833,-73.719893
noinvasives/73pKgTUcdzhgCiqPX65SOg,43.558951,-73.668454
noinvasives/760ywTVgcy1BI8s_2K7kPg,43.695984,-73.718806
noinvasives/7b4V51WNoj19GuheTIr1-w,44.436276,-73.680193
noinvasives/7dekW8BXFklPp7eFWn94ag,43.413355,-73.700322
noinvasives/7goluiK06rgojRhRsDpXoQ,43.692116,-73.821306
noinvasives/7hmqebd-slxuySkbL4CINw,43.813897,-74.006551
noinvasives/7hvZJJZrjMaAzGeBjecT8g,43.6623887096,-73.55358493
noinvasives/7JeWWhZREydgk5jAg1yRcw,43.683488,-73.739799
noinvasives/7jZcKar2c2oztN2gKwSCtQ,43.675995,-73.867789
noinvasives/7OM7ztbY1W06M2WItXluZQ,43.600253,-73.635844
noinvasives/7psJGj9b7qlkLfzsb57kMA,43.570528,-73.68305
noinvasives/7Q1X5_CD6HFlQiJR2UJByQ,43.413273,-73.700452
noinvasives/7rIzm5E4Ii-L64LNG4o3lw,43.459957,-73.691212
noinvasives/7VnGB7l4XI9vR7zOF7ZTcg,43.302359,-73.880432
noinvasives/7VUz63WCGnylC7kVPlzikQ,44.216494,-73.59068
noinvasives/7WfDMcR_09J6AcgxXJ5zRA,43.638504,-73.797961
noinvasives/7xbyyE1IqJSQbhOtmllihQ,43.0164989194,-78.7254155184
noinvasives/7ywVOE53mUF3g8f2VpphZA,43.07913,-78.966197
noinvasives/7ZA-tMo9eopKxBZaYGcPJQ,44.216058,-73.63613
noinvasives/82dyAp5wUh6msXqv9p86gA,43.359366,-73.8283
noinvasives/832claS9tVYUgO9tUIhbJQ,43.586488,-73.864123
noinvasives/83_eoumgxrODBfKFGU2Kdg,43.312785,-73.8347
noinvasives/86NRchjRMyjbpk4tuyMP0w,44.273868,-73.976561
noinvasives/878qgizoVCMEA5x3Nh0SFw,44.211577,-73.69723
noinvasives/8aIUAqUihqdpLf4mdjcABA,43.331758,-75.736919
noinvasives/8bgCPcRUXFe1DvPMnKn7jQ,43.1171744549,-74.0300964517
noinvasives/8bm4DeIvYPD-s_UvIFwIkw,43.411588,-73.695941
noinvasives/8DDptWw3NnVLh0v1cMcLOg,43.211813,-73.865772
noinvasives/8EeIyOvkHtPmYL3TlgHMjw,43.636197,-73.927852
noinvasives/8eEzMhZBroXeq7X16NbsYg,44.666144,-74.977728
noinvasives/8ESRk7hnE6cp6hF7F0XcYg,43.434227,-73.721219
noinvasives/8EyW5XmlH4JTYaA3I2jiAA,43.016107,-73.829805
noinvasives/8FXddbZHg2Kz3ogNUFSc1w,43.445191,-73.674237
noinvasives/8g6ew91nIR53F5s1f-2Akw,43.842914,-73.421888
noinvasives/8HEzN4vK0s-5buI7FXDKrw,43.446731,-73.723797
noinvasives/8IPZn_RlbX6qwO3eFO3i2g,43.727344,-73.824081
noinvasives/8LIF1eHrA7_xZkA2aZgOdA,43.561146,-73.654045
noinvasives/8nC5GymIgTr994cXPNzRyQ,43.667436,-73.509913
noinvasives/8vD-SH1cTBk3v7aDllSVOg,43.468696,-73.657658
noinvasives/8VoFzUbtaryAX6yfhuak6Q,43.725105,-73.827101
noinvasives/8x0CXo3O4ukHc1Ddw5WIeA,43.636963,-73.926682
noinvasives/8yj96yQ250_pCY7XJlCQCw,43.079145,-78.967206
noinvasives/90d1FbqZkEr9DQGmOm3rIw,43.41123,-73.650392
noinvasives/97SEUDbh1tE8SyPoWPTjRA,43.042095,-78.769099
noinvasives/99KzZ9sLjyHgUeRAxriMLg,43.584533,-73.644384
noinvasives/99R_rnTYkeQDIpl8pCaOrg,44.216171,-73.634945
noinvasives/9A940cFnL_BfvYfrPewP_g,44.22087,-73.613943
noinvasives/9aVTmElalEuOfC1G8loXxw,43.725026,-73.827179
noinvasives/9FW3WNvzyyuEitaPOuGlgw,43.665981,-75.911065
noinvasives/9hicH7eX6jL0c2qp3GSUmg,43.32185,-73.843103
noinvasives/9plWThgGAajaPtt61BAtWA,44.215502,-73.642697
noinvasives/9PyJzq7NgCz-rj3oxoyw2w,43.724875,-73.827313
noinvasives/9rC9M1QiEoGVTdx7oR5RXQ,43.666153,-75.911237
noinvasives/9rHpZohFv8by2o3vr09oIQ,43.635594,-73.930319
noinvasives/9vJlJnqL24eD20Ehhimb1w,44.6491666715,-74.9683333331
noinvasives/9w-g2BMapWYtXtjrNAFHHQ,43.251356,-79.031479
noinvasives/9XeKXRjs6wu8b2YG7S2LFQ,43.211853,-73.865625
noinvasives/9_s9ZAAa91VGi-CYo5uUbg,43.32131,-73.841286
noinvasives/a548x3USYrz81A5oryOSIA,44.215218,-73.639467
noinvasives/a5i-yE5pPI7YFQ_ox2NK_w,43.808918,-73.457324
noinvasives/A69WJ6fJel_pXHUqBH-AMg,43.589041,-73.864146
noinvasives/abq1VKc9ozBAN9SYdi0PXw,43.016133,-73.829442
noinvasives/Aiu9azZVEUUoKvPX0H2_ng,44.219984,-73.615885
noinvasives/aJZLCvt3j3uEjY-j0WMsnQ,44.387479,-74.753914
noinvasives/AkY7YvC2Plm7GePE0qO_EA,43.5422990008,-75.1417330002
noinvasives/AmvGIpqOWwXnPnZW6d_llA,43.253918,-73.83704
noinvasives/aq7pewrcaLyJxxY7XV_79Q,44.287943,-73.992267
noinvasives/AQaP7xdX4DDRU3dtOR9qyA,43.882852,-75.424468
noinvasives/aqdurnRjW_9noK83cvFBGA,44.2472559394,-73.5018602133
noinvasives/Ar8aLRw2t_Qr40ANFK405Q,43.001107,-78.84811
noinvasives/ArmEJV79PPeUjBS0_rjB5w,43.701783,-73.506099
noinvasives/Arph_B_M9aINEqIm6jivIA,44.220295,-74.463881
noinvasives/aRXidgAhd0qhu2ZZdpk7tQ,43.078952,-78.961179
noinvasives/AuNyL15CdYQI6M1djoURdw,43.598309,-73.636561
noinvasives/aVudGrD8XoJx8KhmoRkrVw,44.285652,-73.990949
noinvasives/ay26UwyN6idlHc9ThHWhtg,43.727586,-73.824182
noinvasives/aZrlcCdqJX5QeP4x5ZflQw,44.9743,-74.668738
noinvasives/B1o4isrLYeE2hkOEaB1ujw,44.288363,-74.642343
noinvasives/b2HwATDflw6umOmwqNUwsw,43.975387,-75.601026
noinvasives/b434UZm4_pZDEiOsGagrEA,44.688185282,-73.6693253369
noinvasives/B4EZw8Ug4A2u14du_FxFOg,43.5412921446,-75.1418877479
noinvasives/b5U9P1fY3rwRQ3ivJw-BoQ,43.074625,-78.993613
noinvasives/bAugGYjQIquOPUh8hnEQyQ,44.216413,-73.629227
noinvasives/bB4XemNgNHh3hWaIx_eGNQ,43.661994877,-73.8213257713
noinvasives/BbE_C8cabej6jVvjz5RQmg,44.436467,-73.680225
noinvasives/BBIyDqA84fzIjva_cS91sA,43.0414606785,-77.7115009752
noinvasives/BBwuw5l04r-HrI15kUlubA,43.951523,-75.476523
noinvasives/bc68UqnvkLEZrf72jbAy7Q,44.2453821655,-74.509934323
noinvasives/bcr_LiJdSL6MR3fpaXYnyA,43.002678,-78.802735
noinvasives/bd82gtcgtkqb9GlgG3Oraw,44.974258,-74.668598
noinvasives/BDbsVOk87TtDQvZiKmQqSg,43.827706,-75.795445
noinvasives/BDfypMWM4HFnx-NnKYXG4Q,43.663193,-73.822305
noinvasives/Bdh_O5udK7U69tTKEZ24-g,43.663148,-73.822189
noinvasives/BFpi_0YPsmZdL1VOmFNw7A,43.560068,-73.656469
noinvasives/BiCzRUTruHb3-vPgKRP2lw,44.220261,-73.615283
noinvasives/bIj6mrITtiVXU_znNKBsJQ,44.216173,-73.633204
noinvasives/BIOSX4yX-aTWTyIJCTo4Tw,44.216174,-73.634832
noinvasives/BjjlcpulQLxxgTJdcSXCvg,44.31317,-74.72057
noinvasives/BKdaSC2ihIkUL4hVeuBK_w,43.560604,-73.669487
noinvasives/bO-Vbu4qZnVs_PNbKo-EQg,43.660542,-73.539691
noinvasives/BOEjJNjlkIafqHVAZJPMxQ,43.692201,-73.823256
noinvasives/bOOIKcit297hBoZc-5wMXw,43.0043853032,-78.9473476688
noinvasives/boT4_74YO4_jF9CNiB8Qlw,44.216174,-73.633605
noinvasives/BQce9itwtLQ6IjjQJG6UqA,43.671595,-73.76904
noinvasives/BSeRMstmH1vLK-eN6IfhUA,43.1853321054,-76.2319139652
noinvasives/Bsv3XX0cgnnBlFmZ50TmfA,43.6622471488,-73.8212086898
noinvasives/bSW7XDkk4o72B0E2K9eqTQ,44.216414,-73.63299
noinvasives/BU9ttHWHxSXEFobHL31ANA,43.6086055116,-74.0321869194
noinvasives/bWLcKAoJhx139jLr9szb6g,43.313266,-73.835292
noinvasives/bXIYVxIcYeNOG0sRadB94Q,43.24971667,-78.1354000013
noinvasives/byU03-47LIFr2c9paZHF5g,43.506438,-73.631556
noinvasives/BYX-JfGJB-qS3mDuw7YTSw,44.182906,-73.616239
noinvasives/BZR6vuFcTOQENqzF0bwrtw,43.558822,-73.654296
noinvasives/B_bwlLXNNntCAvcFS9dz4w,43.951492,-75.476641
noinvasives/b_L06hdA9kVNwq_d6eLw4w,43.6026,-73.798629
noinvasives/c6eoCEr0zsRQ4H3Fads8_Q,43.728775,-73.751456
noinvasives/C7qee7AoUaFExI-mQuACPg,43.3830173247,-74.6694579803
noinvasives/cANGvC-WyNEXS8I_FV3yyw,43.30232,-73.880635
noinvasives/CAqR_YC-cNZEw1zWgD9l0w,43.8203227227,-73.4018846897
noinvasives/cB-jSBf_Msu3MMWvGI5fcA,43.328424,-75.736396
noinvasives/CbKKVDALj53OodFrB0y7WA,43.686753,-73.734697
noinvasives/CB_J3QS95xDASwKqEhajIg,43.559145,-73.668594
noinvasives/CCBIRohJxew8XLCucK7JEg,44.972704,-74.663838
noinvasives/cChwnW6KoMPVbW2FRKgzEA,44.216498,-73.633254
noinvasives/cdRWbxeZuuZ5tk18pMJbGg,43.635532,-73.930708
noinvasives/cErawKccCPgqCCo4vsYQiQ,43.697346,-73.850134
noinvasives/CfGOxJuaqDtYx7A37D3_QA,43.079161,-78.967448
noinvasives/cgrIh_GdzRPSELHPpn_4ig,43.723731,-73.825586
noinvasives/ch3nGr7RJDkBrsQuj41lKQ,43.376026,-74.938491
noinvasives/Cha_Y8LFXGMKX0YEt2eUMw,44.389831,-74.754972
noinvasives/cITGJsWvhHug3QJi6n7uFQ,43.148858,-77.522384
noinvasives/Cjgz9qxNvBD7umVS4zL7qw,43.6960669407,-73.8541234499
noinvasives/CL6IsGbc27ao1fDqtW3tlw,44.697391,-74.943494
noinvasives/CNTsHcrqhxZLILwJ4aSIWA,43.723977,-73.821497
noinvasives/co2h2CLkKrgMWWD9S2XdVA,43.724533,-73.827613
noinvasives/Co9exAE06dmEGj85ekj1IQ,43.251307,-79.031589
noinvasives/cQJc-1H00Wi59wI3nnK4RA,43.0047663138,-78.9475515764
noinvasives/CQoDfHH1CnZGcuKYKrQnUA,43.0476953115,-78.1924208564
noinvasives/CQYC7LJ27dy-Avy0DByo4A,43.254037,-73.837057
noinvasives/cR1roUD4Hqz5q4LXfi3kJw,43.444083,-73.726375
noinvasives/CR1ZdXakqASIvupef8AoJg,43.54106,-73.817319
noinvasives/CrGnyYDAqHutmk6CWHIIwA,43.9787983533,-74.4353889095
noinvasives/cTdjOA8FwjdvWh1GkFbWDg,43.2138659757,-78.1137961484
noinvasives/cw50wN5juqIRQ3KeZ53mrw,43.602677,-73.798694
noinvasives/cy2ucEwCw6kSaqePukbI8A,43.509471,-73.790724
noinvasives/cZFa3C0YmWmtuF7pxfzfUw,43.4524827336,-73.7031333202
noinvasives/c_af7KBaP8Ds30cI3PKEsA,44.3908,-74.755378
noinvasives/c_SaGUEB8GKCNpbWKQ_SIQ,43.328601,-75.736463
noinvasives/D4LNm45SIEIO-A5YyJryFg,44.216788,-73.591283
noinvasives/dAMRQBxoJCxo93bXyPcI1A,43.844386,-73.432973
noinvasives/dBAxEAi44nHvV6ETEmM6xg,44.428674,-73.677156
noinvasives/dbijODWYWf2zJLFxTp8Uqg,43.001109,-78.848
noinvasives/djk__CPaj9l1NYHXhIB8tg,44.4524397373,-74.8038582572
noinvasives/DKeFutMUg9h8ulgUgQHE4w,44.221265,-73.607843
noinvasives/DLuFLIPN6rjnBkG618X7rQ,43.842978,-73.418177
noinvasives/DmWSasKPsPd8oKlE2ulE_w,43.654292,-73.806849
noinvasives/DoVErNTF3teHxgAHR1DYug,43.302336,-73.880547
noinvasives/DqgI_t9qBDJRBWXvWyIxZA,44.215035,-73.588575
noinvasives/dr3COcA6s_yibPD3F8-BzQ,44.220991,-73.613604
noinvasives/drc_Yfr33K8THDr3MMGmdg,43.3940990911,-74.742246826
noinvasives/DReEYrNWGlZ5yS23D9fkCg,43.635223,-73.932463
noinvasives/dscLMxFvzM_NlLSCOWcVow,43.635566,-73.930515
noinvasives/DuM6LF9Z_irOKX-MiYNA4g,44.2895023366,-73.9607990298
noinvasives/dVPbcHB68_traRirxMnkew,44.4001566071,-73.5010286002
noinvasives/DVu9A9QmyzYcu_XVfeQ6bg,44.216444,-73.628904
noinvasives/Dw_2zK-_xcQqARScUDrciw,43.842997,-73.418408
noinvasives/DX0rvbYkGT7no7s0kROdaQ,44.220566,-73.6146
noinvasives/D_doni2f9CYL3QoPGJE15Q,44.28802,-73.992233
noinvasives/e4DwYQaLb5KEgzhTScLq5Q,43.008199052,-78.955424374
noinvasives/E7I6RAoUoeQGrlXRvnZCRw,43.54434,-73.689265
noinvasives/E88HSf627jGzlvzfx55FvA,43.566867,-73.659746
noinvasives/eBPo0usKK9vzemUk0_aNXg,43.6557681689,-73.8071808933
noinvasives/ecE3XRmiRcmC5VB0IJL7Rg,43.636005,-73.928338
noinvasives/ei39lpIerj7x2xR_7VGBJw,43.882845,-75.42463
noinvasives/ei9Z-Qoue3bbxmscsMAF0w,44.261747,-74.007705
noinvasives/eiOrKTPBNGSbAVgPmTTyWg,43.658326,-75.90352
noinvasives/EISvSf54bZwSVg27vTodEw,43.667525,-73.509903
noinvasives/eJm-TUlxmrQtzmpSUC_e1A,44.318175,-73.782087
noinvasives/eNNC9xKZfa10d6imSIAkzA,43.887551,-75.452098
noinvasives/eOL5Ti0bRFCl1f4wAfM_iA,43.562841,-73.653099
noinvasives/EpislhjW7GQD3REB_p4Wqg,44.216173,-73.633103
noinvasives/epJ7FjKVaeWuSiQ9J1vx0A,43.1960681334,-76.2434634394
noinvasives/epzoMAvGTO_abbxb9k9sDw,43.042152,-78.769109
noinvasives/ErhZo8-5VLVG9Hhqdtxh1w,43.297697,-73.908716
noinvasives/ESIosTxyaHLUbZsRgiBK3Q,43.045925938,-77.5671278574
noinvasives/ev3TiQ_BBWTfzmpwq-9izQ,44.296805047,-73.9433578665
noinvasives/EVE_yP5pQ-4gUF9AshuGLQ,44.061765,-73.454383
noinvasives/Ew5FBEQLaRF7sZmCPcJ5yw,44.230482721,-73.5035615696
noinvasives/EyGD1gKjSonlFJ4frrDUxA,43.0181809851,-78.9719977302
noinvasives/f1k4GL-gtb0LDbvKmjRQxg,43.303391,-73.887534
noinvasives/f1YBTHYE-p-89fNMhMhz0g,43.6341,-73.798231
noinvasives/F5R9Hh3TXkKWfqWrIMLucg,43.882379,-75.43172
noinvasives/f9fkRko4QGsTbYwT2UkVjA,43.0539296261,-78.8056207262
noinvasives/f9Gb7228_HYfGBBi9E9aqQ,43.25835,-73.837369
noinvasives/FaNlkYmpmhXn7KNOEulVxQ,43.882462,-75.43491
noinvasives/fcPAw4zNIEa1fH3y4-U_7A,43.586273,-73.645066
noinvasives/fctzD_UQp317jb_8PeT2yw,43.604039,-73.665391
noinvasives/FDDQgAfsrJKoqAg8BNQ0ww,44.668649,-74.986066
noinvasives/FdgOl3IfSbiK0pms9zsjaw,44.2378686639,-73.9148412402
noinvasives/FedIleS489AAVKtGMLoQgA,43.721389,-73.688408
noinvasives/FFGWJWc12rwBDAl6CC9A-A,43.95047,-73.424498
noinvasives/ffqOx7I9oalYQ1Dj4ssByg,43.558802,-73.654162
noinvasives/FIEUPJFP4wM9qLwt77hBpg,44.209387,-73.510254
noinvasives/Fk53qME40Wo5vzn6YKyvmQ,44.216173,-73.632994
noinvasives/FLWh6dDZnltWPG6hK8807Q,43.616891,-73.697466
noinvasives/fnFfTag2zEVzEuY_zXXSFg,44.21817,-73.621855
noinvasives/fnw_kphf51cv_gW00G8D-Q,43.5417610968,-75.1421683203
noinvasives/FOGsYKBEfHNH2QDV1cm57Q,43.56859,-73.669972
noinvasives/FQ33OBLcjOUMCsJRmfPEkw,43.590042,-73.793607
noinvasives/FSMX2ccbpPFEr64Kiwx8lQ,43.598429,-73.636536
noinvasives/fUpWv2Tyuuk9nQSA2OqxMA,43.8450364528,-74.4043856496
noinvasives/fvoxjRazBAuutAkVRwZfzQ,44.21881,-73.619525
noinvasives/fW55Dka4Wluk4SCfLvGg5w,44.216152,-73.635333
noinvasives/fwA_EvHpq7YSFSa_cuJ-lw,44.2391892613,-74.3904678403
noinvasives/fXLp8KSPMPuEwR3Hai_IjA,44.2438548589,-74.535556569
noinvasives/fZLdgVxmIL6MPk8e-Sxfsg,43.602521,-73.798568
noinvasives/fZx2OsPavaCiXm8lmHc3uQ,43.680642,-73.745179
noinvasives/G1u3CShE5eV0_fsmXd9e0Q,44.4410043815,-73.6853775955
noinvasives/G5jPadsk0S7cAS8j4Y_6Vw,44.6654954613,-73.7162232114
noinvasives/g5MB-TUNnpyozgc00zcKKA,43.635195,-73.932658
noinvasives/G5SeQRGVsBOGx2WsfRs4xw,43.725178,-73.827023
noinvasives/g6Uls8faU1OCn2WDPxxW9w,43.591824,-73.641333
noinvasives/gAgrpzWtsv2Nka4D1nVe-g,43.31274,-73.834565
noinvasives/gErUqzFyjwNOHxwpWciMAg,43.006882235,-78.9522288312
noinvasives/Gfv5B7KVPZ5zlakr36yR9g,43.328264,-75.736246
noinvasives/gH9myFThp_ivTLe6C7lIdQ,44.220203,-74.46377
noinvasives/giGQEYwxAENI6FQJmZH5cw,43.3933889936,-74.7387443998
noinvasives/GinTKYBG2zUOxo23kUnRzQ,43.678854,-73.877097
noinvasives/gjn0ZK-sMRJ1Qn4w2kAdKQ,43.636127,-73.928005
noinvasives/GKvDJpVDiZZ7bGtn35f9jg,43.84467,-73.417399
noinvasives/gmUOtSzEkYxoEUT0a4ZrTw,44.3558145746,-73.5327745027
noinvasives/GqjxWNGlFh5pvtW6pHNQ4Q,43.827695,-75.795269
noinvasives/gQMfUdx-J_1zy97rPo_AtA,43.079169,-78.967552
noinvasives/gS3IuXs_d46R9rYQvoWkWg,43.560632,-73.646606
noinvasives/gT3oWmiAK1W3JuCUqrdb-w,43.808972,-73.457227
noinvasives/gyAqoOUE_Ncd_OWNbAnOjQ,43.0106483025,-78.9619161613
noinvasives/g_BVJU0oZ3wdVRTrjgNGjw,43.8417968585,-74.38582638
noinvasives/H0fzdLPiqyEeCo3ssLsHDA,43.034313,-73.544784
noinvasives/h0rz3Qks41JfsogV0rgjgw,43.7403115372,-73.8249743806
noinvasives/H3QuI9CxfIuC_Qfj1ZwXdQ,43.2975315959,-74.9803140481
noinvasives/h4F4n5SF1xl_IZ-jF3I0JA,43.359448,-73.828242
noinvasives/H4Zrm_7axEYM62SD03bHyQ,43.724661,-73.827503
noinvasives/H5G48slEbpZNaC5O6v4yyQ,43.654355,-73.806956
noinvasives/h6sEZnYBa3ZcOfZAp-4MaA,44.221396,-73.608522
noinvasives/H9OPBm0QJTG07z4Glq_5sw,43.0316169015,-77.5164973067
noinvasives/hB6RilUMWzkJggKZtkTRCA,44.220413,-73.614939
noinvasives/hcc7qBWhnG-HvWktzH0U7Q,43.242748,-73.840963
noinvasives/HEGSjVoq40RB89pll1G6og,43.083851,-73.782345
noinvasives/HF0R9neQnaAhZR2CvUSdwg,43.595519,-73.867456
noinvasives/HGhojqH_mmYx1IqQ2J1Pcg,43.552131,-73.659088
noinvasives/hgyQaX1Iq-w2-0CawvwfGw,43.677118,-73.87665
noinvasives/hhgg1GjMeFb_7ELQLmE3uA,43.5492835531,-73.6973208004
noinvasives/hIZ8a3-yoB-Ch8UZm47u7Q,44.2606836703,-73.510786602
noinvasives/HjNt1rpYpMM3j5q_fX1j-w,43.646906,-73.801727
noinvasives/Hjq7H-our1IaeWFQ14JiPA,44.2480570254,-73.5018983611
noinvasives/hJUdUT6Rpcn6wpXHkLpIcQ,43.686834,-73.734629
noinvasives/HK-Ko4oZ5qqHRM05t8tmFw,44.289422,-74.683214
noinvasives/hkyMxPXCmwYRTR26CAKA9Q,44.429167,-73.677763
noinvasives/hlcNhNwZ-jyap4y4xXUmUw,43.635145,-73.933016
noinvasives/hoH_Aj0R-Usaxdtco8Qsbg,44.42884,-73.677359
noinvasives/HrpE7ihznSPt9o952O2pTw,44.21542,-73.642432
noinvasives/hsoPDzOmc6P-vLDRBCmVIg,44.662603,-74.977749
noinvasives/ht2WCSfzYhCg-fXKLi3o1g,43.58455,-73.644509
noinvasives/HtdSdXqtZxDKSDXIYnJkXA,43.3913029163,-74.7187177814
noinvasives/HTOSWroXJ-RTzRRF78ZNdQ,43.560985,-73.656334
noinvasives/HUMnwcQdRG_iP-MLZSK7lg,44.060904,-73.454448
noinvasives/huRpf61jjf1z5NLZzBWUOQ,43.048308,-76.156788
noinvasives/hUTTuCjYCH5bguqb6ujlmw,44.218614,-73.620327
noinvasives/HwrJyW_leT-Qp3rO1vhhSg,44.220706,-73.60932
noinvasives/Hz1E0MtHB3C8UU5iPdhr6Q,43.697467,-73.850853
noinvasives/h_84uvc-cH1S2Gx3SJ6jTg,43.558792,-73.668339
noinvasives/h_RB66WUJV3POFEiCg2ksw,43.23821,-73.841913
noinvasives/H_vp_pai2MSNbRpJLNdYDQ,43.048227,-76.156789
noinvasives/i-4ho7P7HM_QYTzv-6QTkQ,43.617279,-73.681773
noinvasives/i9vnunLLHTF9YCuFZVXn_A,43.611378,-73.626851
noinvasives/IbvMhdj01nUwuirl0lcO5Q,44.220101,-73.615632
noinvasives/ic80oNVKHv8bjQi1bzilWw,44.21553,-73.642789
noinvasives/iewu0vVWoAdaQmj4GqChpA,44.083811,-75.365441
noinvasives/if5BODPLVdNzDUOGTF-pTg,43.676183,-73.867849
noinvasives/ih1kLdbCqVOeAbNeCUP5Jg,43.894766,-75.39311
noinvasives/iHbcTEW3GJOHNKzDIuyUEw,43.729304,-73.803516
noinvasives/iI62ASlLZOpl3lslVOZf5Q,44.218743,-73.619812
noinvasives/IJz8AGAJHKJ5aVKJnZAVGQ,43.845737,-73.433699
noinvasives/IkX6mogjKEmTNqt74uHaEA,44.0599606771,-73.4543513602
noinvasives/INiBdRM1wzOC5yX22g_wrw,43.808396,-73.458179
noinvasives/InvvpR0fGX8AyW3yP5kkBQ,43.890143,-75.388103
noinvasives/InyIfrqsvKafPW6vALN29Q,44.221242,-73.607554
noinvasives/Io6lm6pFlISArcczla5AwA,44.214826,-73.648996
noinvasives/ioNPBeDkrau7IWXLTA1JIg,43.048466,-76.156833
noinvasives/iPWDg8zSAQRNjJUfDyAwMQ,43.354088,-73.832965
noinvasives/IpWV1gVHPMfZTZSw6DwrZw,43.509541,-73.790749
noinvasives/IqeIdz5rm0qT8mHJ2sIPaw,43.723787,-73.825861
noinvasives/ird3RgLVnTbF_99zGdeHqQ,43.722366,-73.686378
noinvasives/IS7DQA4QRYQEugfimhFPWQ,43.647095,-73.801785
noinvasives/iSaMcOpz_VNjaCSDtSC77w,43.603855,-73.665356
noinvasives/IsLkFlF8H8YhKpf-Il_qxQ,43.646626,-73.80162
noinvasives/IsM8ArGcL0Sct8lUJX75lg,43.567389,-73.659956
noinvasives/IwF4lGt3ssPnEETvjBoNXg,44.265986138,-74.6125623588
noinvasives/IwsocieN1xkeufHjGLFKtA,43.890117,-75.388355
noinvasives/iWTKh82hub-TWEBF0A3y6g,43.70499,-73.504576
noinvasives/IY0bO4IxilrA7V7upQxEOg,43.674749,-73.509621
noinvasives/IYCDHmLgjlKHDZwELqgr8g,43.256418,-73.837218
noinvasives/iYd2Xxh1FYPcLtOEtLwJqg,44.216435,-73.629004
noinvasives/j8vV9NzKez7KzoqVTk2IOQ,43.885104,-75.442672
noinvasives/j8X4nSBPxvxnTl64O3lzVw,43.635481,-73.930986
noinvasives/JB0KWD2S6SFIsgnJVBHSYQ,43.674639,-73.5096
noinvasives/jbyYGe2rcccZiqirkDSYcA,43.19206213,-78.0604094604
noinvasives/jcTS0LMzO3MCF5mETkSy7g,43.119684,-74.022018
noinvasives/JfUynAnE043mEu0-fVg58w,43.887495,-75.451887
noinvasives/jJdD7e7eLsbznaHBCUSsvQ,44.220645,-73.614433
noinvasives/JL0GmCWCN5ZkaWQHNl9efw,44.218232,-73.621659
noinvasives/JnMp8pil_M1n0Y_jyLSWbQ,44.083744,-75.365487
noinvasives/jnnNVCyqb6HgR8uzv8iQ1A,43.656234,-73.800493
noinvasives/JqFPSETy8rQ9JkdrL89Q8w,43.683413,-73.739878
noinvasives/JqTdPmR371MGmlLvbvEIHA,43.544241,-73.689325
noinvasives/Js9bCMpCiE-QCrx60-B_3g,44.220847,-73.609634
noinvasives/jsTlxV_Vesw_bd3qvOc8wQ,44.215265,-73.63928
noinvasives/JtBGrBTyNQks9wunGCwGjg,43.565289,-73.684029
noinvasives/JWl5pze-z-sXBW-QMxDAiA,43.606851,-73.660575
noinvasives/jwtBmffyR_Cvz5p4hmaSew,43.636802,-73.926891
noinvasives/jZn_sV3Uh1auynrCIVGrKA,43.0423058242,-76.1743473251
noinvasives/J_l5UFG3Osk0__mKdD933w,43.584546,-73.644126
noinvasives/k3GdwWKfiolDMC3knS8Ykg,43.728004,-73.824358
noinvasives/K3py-rlthoKuwpw6UOETmw,43.722404,-73.686212
noinvasives/K44Xr4sKRmz1TX2g98dqyQ,44.216924,-73.625636
noinvasives/K5ZlFj-9En5JIr5HNIRijw,43.660466,-73.53955
noinvasives/k8UfoLTHpv46_9YJVoKusA,43.3950885026,-74.7441722801
noinvasives/kd5sxh-FsGRASLuD19fjJA,43.680577,-73.745251
noinvasives/kdm4Czc_tKftwOTcpbGo8A,43.727918,-73.824323
noinvasives/KdRNtHutF6o5Lva_YbrT6w,43.24265,-73.840996
noinvasives/KGHnEVqzmXuPMRnAq-ptNg,43.568492,-73.66995
noinvasives/kGOIJ-c7KR6Vx5x_Dda7BA,44.2359835428,-74.4058897615
noinvasives/kgTzcWUnrR3LCxXrI3Ej7g,43.0245280365,-78.9762435663
noinvasives/kjkIB_iOEhDAIVQOZHUHOQ,43.691738,-73.820898
noinvasives/KjYeEnybyW6VnDfLBG9sDw,43.308877,-78.833086
noinvasives/KkXclNtzXmrwGUXtqtE5pg,43.584572,-73.64463
noinvasives/knB9-VeZg-xw9KYYQMy08w,43.354,-73.833051
noinvasives/kp1o0fLTXXc6l9APkyDs5Q,44.4747758852,-73.4877992284
noinvasives/kPbIot88-U6vqSHQVgslug,43.0085190761,-78.9567473289
noinvasives/kt82RYAx8ZMODk1g2S9A1Q,43.595612,-73.867591
noinvasives/ktP5dJs_Lq9rjLi-O8IgJg,43.591023,-73.65398
noinvasives/KVP-HKwikOaZ4LFngk6lQA,43.1240676769,-79.0595389723
noinvasives/L-UuQFgKZiPNcf_NyBFfFA,43.490993,-73.767128
noinvasives/L57lTVcy4A7dtKnOdvVAwQ,44.21626,-73.631033
noinvasives/l93C7YcKXjWtesUu1lFDRw,43.617355,-73.681879
noinvasives/LbydQTcms-IsCcFLEurUmA,43.882417,-75.431476
noinvasives/lc4-BWXMv1H87s2_o0XEVA,43.3937071293,-74.7403333402
noinvasives/lEIt5DBrqmyXX8QsLlU9jA,44.2162767876,-73.5071168673
noinvasives/LfSMPHnIbawKeM81-Ia3Lw,43.725256,-73.826927
noinvasives/LIyj4zHmWagQdGxSDV6v_A,43.594015,-73.63968
noinvasives/LjJKhSj1c1BYoKnhhg0JoA,43.586497,-73.644922
noinvasives/ljLwl1IP-hUjTK8w1OYzXg,43.4941685199,-73.6792121005
noinvasives/Lmqd_7sBIEIgu8ULM4XFfA,43.751512,-73.485898
noinvasives/LMvxgdtCT7g8AsPaB3SJBw,43.894749,-75.393232
noinvasives/LN85mneJh_QTtrst1P55xQ,43.1984423511,-77.9570601793
noinvasives/LrEAd8Dl_LDwwzGJCzy3Tw,43.67486,-73.509642
noinvasives/LsqxbCtHqi-ZcsMjhjO0Ww,43.586338,-73.645022
noinvasives/Lu2DMaylzwOjyGbLfMBRJQ,43.0814841459,-76.4481392472
noinvasives/Luev8RuYH2bNQnea4kQLqA,44.216443,-73.590586
noinvasives/lV73UgctjbG4q4eCxF3FZQ,43.5325096007,-73.6628957005
noinvasives/lwhE2dBc5Ra8PKyqWFphbA,44.220305,-73.615188
noinvasives/LZQnet7L5Yx530idqj2oAg,44.183037,-73.616281
noinvasives/MCmxrJ-CPu5-Ukiz5j6s6w,43.721487,-73.688298
noinvasives/MctIdMIFrzgDZUF_nHVZSA,43.591697,-73.641396
noinvasives/md76jwC8cN2swz_RuP421w,43.3148587667,-75.0873957204
noinvasives/mDhsW4vHjIBTHN8W0NvgLg,43.66582,-75.910907
noinvasives/mF92X-0xd0Jq1CHuXetkMg,43.8529994131,-73.4134508458
noinvasives/MfSXQTBhyKdHteiUbaLuFg,43.727496,-73.824142
noinvasives/mgmp7HwplS-WgxKFOFkiyw,43.242551,-73.841027
noinvasives/MJsM5jenzSjZi18SKzqqAw,43.635429,-73.931266
noinvasives/MjXG6em0II4wN5fVgNAkXA,43.028615,-74.97763
noinvasives/mkiWidUYtnQ_e9CCHTmvJA,43.086102,-75.752711
noinvasives/Mkz1HHBTnsQ169z7sJAw4A,43.882839,-75.424779
noinvasives/mLXvvs2UdPWQ6g4xegFSfw,43.56263,-73.653148
noinvasives/mmYmxmUVcFuDt_kJMltF3Q,43.671642,-73.76877
noinvasives/moxoYjdqv9rNjPdHI8nsrQ,43.736187,-73.82595
noinvasives/mQ-oC3v69ZfraS7LlDFXTw,44.288414,-74.18507
noinvasives/mRz75OCiDTPryyrlo5BF2g,44.220217,-73.615378
noinvasives/mSv6snQnDvBX7fw2iejnNg,43.705062,-73.504464
noinvasives/mtO2vPgncp8O7M9V3BHkJw,43.2013333348,-78.0511666671
noinvasives/MVKsXDWFVJeQsb0Qwaz5AA,44.219945,-73.61597
noinvasives/MWY9x1XiMgOJgAoByjlw6A,43.509828,-73.790854
noinvasives/n-4cMpKYYeICoNAek8m-MQ,44.218586,-73.620431
noinvasives/n-azei6D8OUCJ2ZZA5Vmhw,44.221245,-73.612236
noinvasives/n2F-Urb797jPOzHJNXVyUw,44.666217,-74.977779
noinvasives/n4fi_sKnKufM0oxeobBFaQ,43.660387,-73.539421
noinvasives/N588SyfcutpZpTtVIg2lnA,43.722328,-73.686535
noinvasives/n8sCJrS7WGmcxc_N7u8k-w,44.7686524884,-73.8020996406
noinvasives/n9Wv6xZwmZ-EhATDoau7zA,43.560779,-73.646441
noinvasives/naA2Z9CzjtJc5EzSSeti6Q,43.600135,-73.635934
noinvasives/naZLHQsdy9VcQ4jeSU0BeA,44.215398,-73.6388
noinvasives/NbqreQMzJBc1TWNrTCCFkA,43.1149321551,-78.4304287487
noinvasives/ne0NRGOmtUxNPvjf51_l7g,43.594251,-73.639501
noinvasives/neVNRQq9mfqp1eA8_tDPnQ,43.321173,-73.841143
noinvasives/Ni2FM9U81D7K9GHoyZjc1Q,43.842987,-73.418285
noinvasives/NJ3750unTVUQ-k1h4ncLPw,44.22123,-73.61243
noinvasives/npajgbk8eWqNusnvu0wrGw,43.5486638685,-73.6990424799
noinvasives/nQsmBn32-o-aH_r7W5PYuw,43.541,-73.817142
noinvasives/ns4p3nLRHnMOrsutjioJ-A,43.034826,-76.141526
noinvasives/NSfpwJhdDDRp6wL87FHWOg,43.683341,-73.739953
noinvasives/nT1ZL5oBUtnuaQ5sJ8hIGA,43.034382,-73.544761
noinvasives/nUU_JFgcsS1Pg12PH1MZ8A,43.843138,-73.421982
noinvasives/nVaHUPsEMX0q_15orN17Rg,44.06202,-73.45436
noinvasives/nwC7y8V3LXS8oyQ4myHk9g,43.6370685298,-73.9447769787
noinvasives/nydXsiKR8b_oaCwGxnsJ4w,43.635132,-73.933114
noinvasives/Nyqqj5-ABTQ3-1-Zl69Rsw,43.0925891341,-76.1338273296
noinvasives/o-Bk2RsMQgmaU42y7ggX0A,44.215368,-73.589146
noinvasives/o1OJSFhUiZlzyH-uF47oxg,43.561244,-73.653984
noinvasives/O2Cw6m6mml8jP_qZyFeWYg,43.007803018,-78.9550288003
noinvasives/O3-Q2BZ6Cieeljw6G2Fbtg,43.048632,-76.156984
noinvasives/o4_8Y-Lq2vkwMtCwCM8_Jw,44.218003,-73.59827
noinvasives/oAoXuJ0T-B81oJwH1ykVKw,44.060671,-73.454458
noinvasives/obJfFoT1f0VZ8tmvkj7hmA,43.636884,-73.926783
noinvasives/oe41YR0QtA9KA3nONwVY-A,43.742317,-74.052682
noinvasives/OIiNph3_qHrIj1WxuNrF3Q,44.668649,-74.985939
noinvasives/OIs1HpqAfT0Bqx8HR3PlsQ,43.211574,-75.713781
noinvasives/oJitI0GY4CduZsDHDp-cBw,43.0076575347,-78.7391683808
noinvasives/oJnIF9B4DFpDtpCckN6F7A,43.014078045,-78.7453414662
noinvasives/ON2YZypoc0VddcxErm2Lew,43.046795,-78.769774
noinvasives/OoAZI2Y2cabCTcyVJJkMPg,43.258406,-73.837225
noinvasives/OQvuwqM3W92irEtl8sVl5A,44.3076338621,-74.7172823031
noinvasives/or7ZNDm-zgvClMrNUrV4oQ,43.8247545869,-73.4338543402
noinvasives/OT-21qj6PZagVnLkGSrN-g,43.1984838536,-77.9186434515
noinvasives/OvdggfZf2OgVEGlVyJSJXA,43.724402,-73.827708
noinvasives/oW0KCKAohySdwt98vGLmfw,44.7686906438,-73.8026184385
noinvasives/OYGLrh7btsGMVcEHzl-KLw,43.849725,-73.415808
noinvasives/oYMyjKxCDN5y2FTjdvXbqA,43.594743,-73.866351
noinvasives/O_I6bf78WoMwDAe0zJPUTw,44.1712900726,-73.5830522092
noinvasives/p4PBhDQsAzzGWI0ydu0wRA,43.568957,-73.670032
noinvasives/P6nxzsbO1L-E3K6aKcaYAQ,44.2272,-74.43379
noinvasives/p7LLCOFjKSPJ0DVzluNs9g,43.586604,-73.86412
noinvasives/P9qLY1o9O2qovI31Sb3VzQ,43.586424,-73.644892
noinvasives/pa0ef-rUXWmb0A3arscKFA,43.1270775752,-75.3559391419
noinvasives/PgzSc1ba-Qvdg4KpHalI2w,43.569143,-73.670077
noinvasives/PH40tIewbU3cqrFapuuxng,43.724093,-73.821614
noinvasives/pJ3knVFkPpuQ_qJv88V0qQ,44.06103,-73.454442
noinvasives/pOGe-SrOxkpiU9ANZR-w9g,43.412391,-73.70139
noinvasives/pQJDn-t-34QvYUy_B8F6FQ,44.666322,-74.977814
noinvasives/Prdn3o_FJ5Phr2ZFbnbY4Q,43.594883,-73.866537
noinvasives/PRyW3D0FS5RLjRGwBjAUUQ,44.0767071579,-73.4563974697
noinvasives/psdYh8YJjRz8NG7EPkLScg,43.0472676841,-77.6672132482
noinvasives/PukY0OFng6UiWbCNyf0N3g,43.211655,-75.713879
noinvasives/PwqeOQB4Epswg1hv8M_cBA,43.561115,-73.656572
noinvasives/PXP9RIWBgEMRIrbltUpGNQ,43.827716,-75.795616
noinvasives/Q-whmEktyWurlDLVuu5JHA,44.662523,-74.977691
noinvasives/Q2QUGGISkIPvFtTqAf3YIw,44.060424,-73.454456
noinvasives/q7AD9ZDGdrG5HybKYIwGmQ,43.76441,-73.754513
noinvasives/Q7FQ61ohBOIUFd29ecbw-g,43.561045,-73.656443
noinvasives/QE_3cJzmCZnPpn3pc3KE3Q,43.520432,-73.789634
noinvasives/qfvgNvob36NpCAZRoXOBNg,43.636624,-73.927141
noinvasives/qg13O0nW475-nxOWkEQOYQ,43.04657,-78.769757
noinvasives/QIKUbBRtNqTJfn9i35TFFQ,43.003185,-78.802744
noinvasives/qiYHX-z3wgnj3DWH8Dz2sw,43.490976,-73.767235
noinvasives/qIZylADSzHEQc3UFXHNw6A,43.4847606278,-73.68715834
noinvasives/QnL-rNuQ4h5ElfBGBgfuVQ,43.662673,-73.956295
noinvasives/qnOC3vuE6o-Lufa5RYz0Zg,44.6656751518,-75.0268353376
noinvasives/qnpOiNm-rORKen94tfg9WA,43.50968,-73.7908
noinvasives/qO4j0ozMJ4JDZfC1LuBsvQ,43.520291,-73.789685
noinvasives/qP7DhLzRx_2kn1aN5KFzgw,43.034529,-78.824752
noinvasives/qpImx5B6iL79kmyKY0gj2A,44.227338,-74.433342
noinvasives/qVzT3iclW0FkeIRGokt7Iw,43.598553,-73.636514
noinvasives/qwZN_3fihsvqZKdQRbdu4g,44.318277,-73.781944
noinvasives/Qxg9YOgZwUm4EptnkRzd-Q,44.4404010229,-74.7918303886
noinvasives/QXHsB2i7zyprvxvltxhUYA,44.6584299829,-74.9752952684
noinvasives/qYSF14TxaXqbrSUlJBzDyg,43.0750636577,-75.1396159
noinvasives/r-cKY-hHHu7Xd4mFUT0wQw,43.331815,-75.73699
noinvasives/R-XKCkzm6ieVWC62pYwbDQ,44.6202110093,-73.4468612306
noinvasives/r2i3lgNzEvjR8ofCnGAasA,43.569045,-73.670053
noinvasives/r4-oq8cbPqjN0KwRKu1UEQ,43.0017477,-78.9419936
noinvasives/RcrzCKLeCPlvXsTspA6CMg,44.288387,-74.185229
noinvasives/rdAHR46CFXPMmCEUplDeFA,43.034838,-76.141242
noinvasives/re4An4EgOSO35P1yX998qQ,43.026819,-73.40568
noinvasives/RgC97ak4wS3dTgD72zpgTw,43.0477673555,-77.6484762793
noinvasives/RGIXd47CjCS_H6MsmyKtYQ,43.560693,-73.669496
noinvasives/rH-iU-FTklK3aQASNQZw0g,43.520362,-73.789659
noinvasives/rHOk_Qulf5QaNUZfLHPJlQ,44.662685,-74.977809
noinvasives/riJNmgH3VrUpgGTfh2I7VA,43.636532,-73.927278
noinvasives/ROjKMjxm7i5a39-6-BKRBg,43.5744464683,-73.8001084521
noinvasives/rpeUCn6LMbe3CDlxfcPgvA,43.734578,-73.825236
noinvasives/rqr_31k-7x5pBTAvT1kpRQ,43.882384,-75.434656
noinvasives/rqspB7sBdgWeQZtjDjK5Bg,43.849678,-73.41608
noinvasives/Rr862UmFqMjeUauIfZ90pg,44.2216745815,-73.5043168797
noinvasives/RSMKr4aNwgLMrGi881bHIQ,43.66575,-75.910844
noinvasives/RtPHn614NIXzCYp3qFk2zw,43.724803,-73.827376
noinvasives/rUn6lgB_NSAOC2xMMuymXw,43.553439,-73.668736
noinvasives/RvM_9t-RGwn9peRLmYju4g,44.428757,-73.677257
noinvasives/RXdsppFozpVULRnW11lSpQ,43.693466,-73.73418
noinvasives/rxfu5GanYs5FIIAVJ2S-XQ,43.764442,-73.75474
noinvasives/S-bwKly7zQ-nvR-_M_vsiw,43.328337,-75.73633
noinvasives/SakQAv2Trez7BXN0RouTFg,43.617431,-73.681985
noinvasives/sDa6B6sOjCqybtQo8XGlBQ,43.587843,-73.66134
noinvasives/sdeHMohyWm023OtGFpokWg,43.844584,-73.417439
noinvasives/SeUKN1X6ivgVITDw96Unvw,43.665901,-75.910986
noinvasives/SgBqyoSkTxhgV1eKIIxYtg,43.048533,-76.156881
noinvasives/sgT9q4IqV34WY17Dpw9tiQ,43.1490734882,-74.2263549824
noinvasives/sHg5QWLytFW53uQBfa9oDQ,43.2524240267,-76.0796757715
noinvasives/Si-a2m1aZoJJMSjvuddl1A,44.220129,-74.46368
noinvasives/SjCFILyIVXAsYQ_XEjBtcg,43.951553,-75.47639
noinvasives/SKNdWyRm7k1PIP9CxwmZAw,44.429087,-73.677662
noinvasives/snBtDfoeuT8ujco_CamtgA,43.544192,-73.689355
noinvasives/SNE1pljyfb3pwnJeM9dUHg,43.724951,-73.827246
noinvasives/SvvfS64x_9M0pcWm-GpPBw,43.3884751767,-74.6940934995
noinvasives/sWnhBSeZP0uN_RkVYz5dWA,44.2764650969,-74.1993468579
noinvasives/swQgZOS3kqFh-0pwGIPTeg,43.562734,-73.653122
noinvasives/sXEjGL66K9gHTngWZwkeBg,43.635517,-73.930794
noinvasives/SxShc3ZXvVsl9OuSCnLQWA,44.227366,-74.433253
noinvasives/SYgtgUeYUitfZNYVdOCzVw,43.0073826502,-76.7013001932
noinvasives/s_3Vy4Y79j22aBt621Lcvw,43.078957666,-78.3910470539
noinvasives/taA0ZylNCW_HBJYG_gq-ew,43.635356,-73.931651
noinvasives/TC8B8fBPU47tMCShySkoUQ,43.7380220599,-73.50306353
noinvasives/TcLWXfOlTd2xIHAMO_yOPg,44.313237,-74.720606
noinvasives/tDUc-iQ1B8BBusMS3Hyz2A,43.878428,-73.586575
noinvasives/teEb-yqcSZknzQolNdxh7A,43.882398,-75.431598
noinvasives/tF3wDGwAN42Wd7P9yiMtpg,43.35927,-73.828368
noinvasives/tfG-HwvDeGp-4AWZ38xDYA,44.3772188409,-73.520453034
noinvasives/tJVOZVagZVe6F3oHUbozdg,43.313329,-73.835361
noinvasives/TLdiHXORoImpQFxbVOn1MA,43.678638,-73.87707
noinvasives/tqHgD8LWO9m4MEMYR-xlww,43.636448,-73.927407
noinvasives/TROFAoXmKvFs7qokQXpN0A,44.061154,-73.454434
noinvasives/TsQ909nqZm0RfMhVUtql6w,44.1870524025,-73.5646730019
noinvasives/Tthai2FerptY_zIK3jrtPw,43.736107,-73.825591
noinvasives/TUbAtgKy9niK9RkY4nZweA,43.0092213915,-76.6973027274
noinvasives/TUUY8LZJfJiFb7PxJojUBg,43.728595,-73.751571
noinvasives/tVXBa85bXPqfXqA_SRVsAw,43.636063,-73.928174
noinvasives/u0kuspY4ZJr1wqY9GyWIng,43.887523,-75.451993
noinvasives/U1UzPHhOFsHOimay9pQxeA,43.845901,-73.433773
noinvasives/U5Zc-ekXKPhwDvDndLATYA,43.893015,-75.392331
noinvasives/u6pm85ycJ1UkGtPTO3nuUA,43.509749,-73.790825
noinvasives/Uefmukid9Wh_WkpiGE9A2A,43.6622349574,-73.5539754505
noinvasives/Uf5EsOIueuNWbJG9CZH5vA,43.568676,-73.669981
noinvasives/UGE52jEDrpC7__9XR7EQ5w,43.56071,-73.646519
noinvasives/UgYlMAnvEnBC1nnvJFNuzA,44.238498,-74.477466
noinvasives/ujAv1O1RmPUHuwWNBsEeXA,44.060554,-73.454457
noinvasives/UjIEiJR71LIcWtM692aMWg,43.591217,-73.653991
noinvasives/UMEGi_FMvGpOdnkiSNsiRA,43.254147,-73.837074
noinvasives/upE3JtcXTyfqjr2-0dPeYA,43.6289699263,-73.7985902
noinvasives/UQVbP7G2WnJ3yLa73xXUNg,43.016121,-73.829621
noinvasives/uUC7ESLlV8nB3hqpmCw6_g,43.034832,-76.14138
noinvasives/UVNciFBsC_B2PS06Oiy0tQ,43.5124319748,-73.7158302902
noinvasives/Uy3IAsAXV14k9Y0ZUn-fhw,43.945334,-73.417658
noinvasives/V-XXe0FO9POpvTy3hRuAmQ,43.950471,-73.424337
noinvasives/V0CNMXKXcjZZ92d50irfOw,43.002606,-78.802736
noinvasives/v0IFR1KCHFTwEFlG9yXOgQ,43.0123897429,-78.9661361928
noinvasives/v0kdmjPtCr97TgHPdp2Peg,43.693413,-73.73408
noinvasives/V3AYa3N02mVirworH4GRKA,43.635463,-73.931083
noinvasives/v9vO5HRKDqewftuESyYfYA,43.0931854089,-76.127661936
noinvasives/vC9dQSx7NJ7BEwogyM8NPw,43.1679489654,-77.9421606723
noinvasives/VCgc0X_pPAXHJUJHJKz0fw,43.313386,-73.835423
noinvasives/vfhAYfQaodPpfeHCX2AKlA,43.635209,-73.932561
noinvasives/VFOz2YiWkzSptmggrPzUFw,44.288329,-74.185571
noinvasives/VGcbh2nTe7rnN2PBkscG_w,43.885155,-75.442818
noinvasives/VOqTkG-59TnKG0bFj6sOGw,43.7802727983,-74.2247017532
noinvasives/VpGgoZXHnhJ1H5h-Wc2Ekw,43.636715,-73.927005
noinvasives/vphXjkftwuyPN_ZOltlr4g,44.3073336347,-74.7173062783
noinvasives/vqVZMcpE0ZeYx7TFjDceAA,43.1946394273,-78.062785898
noinvasives/vSM_49Tp4eV25e3OXMkxbA,43.1272644783,-78.4792112823
noinvasives/VtIQzb74XfK3-OHPc8lZHQ,44.2091738265,-73.5084443827
noinvasives/vTLx3EqQg7Bk5nrxk2DmLg,43.21628,-77.943587
noinvasives/VtzBKQdb480PgTADHP6kyg,43.646533,-73.801581
noinvasives/vvQUg7f7KJpVyV13SXLNgQ,43.194738,-75.728399
noinvasives/vX65j73AEl8VOewI1zFvqQ,43.89013,-75.388228
noinvasives/VZZ0tlJ9H2Xb5dgzLCTYsQ,43.729252,-73.803427
noinvasives/w0rUxHgaWv1mzIQ6KxxEdA,43.560513,-73.669478
noinvasives/W7a_tkwVtfBvmNuo-2hpMg,43.594984,-73.678248
noinvasives/wE5PslKeNg4EtvSsrQgd8w,43.321253,-73.841226
noinvasives/WGM0vL7UgYUAm7YdJPS-Aw,43.3899863678,-74.7852106404
noinvasives/wH_GugseH91PUBNVmxNZHg,43.798506,-73.530334
noinvasives/wJpirMl_z8E4O2a1WDhX2g,43.721288,-73.688513
noinvasives/WL3LMRfxxftYC5zetbRFBg,43.63558,-73.930416
noinvasives/WLraVSKF2NkDPil2LaWWTg,43.696079,-73.718751
noinvasives/wLUo9eBR9uA6itUKR6RHSQ,44.3463164839,-73.8792294994
noinvasives/wlz0ToLKz8Yty8_MVLJ7-A,43.516831,-73.790878
noinvasives/wMdYCAVhiFva1aFGFoS1xg,43.663261,-73.822513
noinvasives/WONQ3mItHc5AMRSpYm7zvg,43.667624,-73.509891
noinvasives/wsu0iGnLgV8MgLoIJZvSAA,43.690166,-73.506068
noinvasives/Wt1x9wyZ6NH5Vs0c6Cudmw,43.1183915574,-75.6368773132
noinvasives/WU_YBkKDKNRaclLxUSxtcw,43.635392,-73.931459
noinvasives/WvGRoOWNMjncEU2DJABYAg,43.885053,-75.442526
noinvasives/WzHtunscZ0KnInO7nTIKlw,43.8637835776,-73.4373626898
noinvasives/X3JdzgiLWjQyp9qtN8bv-Q,43.148791,-77.522052
noinvasives/X5vZBFRzz4rRrvBs36OmDw,43.1258946551,-78.4580937943
noinvasives/X6NUhRbvVFudX_T71A_zdQ,44.07109192,-75.7723185791
noinvasives/x8Zo96D4MGjedTjzRKGoog,43.616779,-73.697431
noinvasives/X9rbyTC_uvIJgXAPljRvWQ,43.321828,-73.842919
noinvasives/xA2Qg8q9xa8mrivd9RNJpw,43.945213,-73.417659
noinvasives/xB1mCTOvd7RfEkLNMGiQ_Q,43.6074817443,-73.8853745348
noinvasives/XC8Hi-JBFdGf-MNFhPyIJA,43.516974,-73.790828
noinvasives/xdNnYyBn9NxTakMZqW-DOA,43.636279,-73.927695
noinvasives/xg0eLFtTyGgQsKCPMhIcKw,43.570316,-73.669949
noinvasives/xHroOI1zM5rnNby_apiNHQ,43.734758,-73.825236
noinvasives/xiUHRbP-kPvUzN0xY0-S9A,43.55207,-73.658855
noinvasives/xlfTwwK81I4nDa_hLAYUHA,43.594133,-73.63959
noinvasives/Xo49NA-F0Ukz6uctNQfAdA,43.194847,-75.728429
noinvasives/Xpz-Ods-zmdJChAlpFPVFw,44.238345,-74.477333
noinvasives/XQ10v-C73JSjBfaCb69FSw,43.565192,-73.684027
noinvasives/XQW1HmrGaRJ7Rp0zBeVhjg,43.882418,-75.434777
noinvasives/xSJ1zVDcj_kni60e_3Acew,44.3467181639,-73.8792227467
noinvasives/XuLhGE2QbKotXpBD0ir1Bg,43.0017881878,-78.9428450489
noinvasives/Xw9gaGcqU0Qo3vWqDn8gIA,43.736153,-73.825804
noinvasives/XxRbvWOuL8Uyrd4-NfgOOQ,44.3899408588,-73.8053040118
noinvasives/XYWtaLdZRN-iXyAlXKNwlA,43.695886,-73.718861
noinvasives/xZgt0R3nNkvlxCIZpVG0Yg,43.331844,-75.737097
noinvasives/y88sC35_ol30st__X_GT9A,43.026797,-73.405825
noinvasives/Y9x5yBxPjz2pbmLz1N9z1A,43.666072,-75.911221
noinvasives/Yb2t6gHUWopfLOvUgQ8n3Q,43.729361,-73.803613
noinvasives/yEAdyIaIs0Fu7m-XEZ8Wfw,43.6619594215,-73.8213486742
noinvasives/yfBLqRWara6TVnDTvMf3MA,43.587852,-73.643884
noinvasives/YGNjUqYg5wY9QGdjnbQ-ig,43.029357125,-77.9285747879
noinvasives/ylMr5HJGdTCDivzDC7FAnw,43.703588,-73.504859
noinvasives/YM-XZKPl2-h4MZzHKq4NbA,43.734668,-73.825236
noinvasives/YNQ-15iFHnpYoYBjejpvQQ,43.594833,-73.866466
noinvasives/yqTeg8SRkMxq8Ujr4UKE8w,43.589965,-73.793692
noinvasives/yRy_i0kSjAmJrQ93uufovA,43.391197,-73.730912
noinvasives/YSxEM2MBM0UYO57LoM6P_w,43.004577,-78.824039
noinvasives/YThkPIxO4Nfu1gcWp1BRUA,43.2470000058,-76.0698599997
noinvasives/yWYaC3SvwmdIZvt51SVH8Q,43.007102706,-78.9532983598
noinvasives/YxDemXjWAZNBRTKGWQnAJw,43.544835,-73.688778
noinvasives/Z2w6meJNrPYr1TvDDJIx_Q,43.637043,-73.92658
noinvasives/Z7CrhKSnKF3qCrCpfzoYdA,43.080020018,-78.391882454
noinvasives/z8PmKdxGN9zoCTOd-_vl4A,43.587983,-73.661326
noinvasives/Z9nwk5OdIxY1zIVMOK8DCQ,43.5496570022,-73.6976965198
noinvasives/ZaQeQsTeUgKVPH_ZtBG3bw,44.2016779416,-73.51337297
noinvasives/ZiR-1jC6hWuPDVdtAFfz-A,43.048394,-76.156798
noinvasives/zq7J-7favyYUC16svfDgkw,43.1898166698,-78.2770833345
noinvasives/ZU2S-vysjYHdN__QKavC9A,43.588789,-73.864136
noinvasives/ZvLUw_xMKO4eu49XbGgl9Q,44.436368,-73.680211
noinvasives/Zw5MsBCpWTGHx9MQDVrWsA,43.677307,-73.876726
noinvasives/zydOhojqeN1_WJIw0DPB1A,43.635338,-73.931748
noinvasives/z_o7y0Czfombs0ik_T1g7g,43.727672,-73.82422
noinvasives/_6LcJfINYH_DYpqyDMjVnA,43.0598224187,-76.0930722512
noinvasives/_7EMulIQr_o2yba0LWG5eg,43.354172,-73.832881
noinvasives/_ajm7uFDqE83Dt4DAOxqIQ,43.584534,-73.644255
noinvasives/_forcKrgpQyZAnlA20zY2A,43.737790877,-73.5950909302
noinvasives/_i3a_esrEWy38XIylASkUg,43.2255833399,-78.310433334
noinvasives/_MqYU4Zp469fOnB3aLqHaA,44.288358,-74.1854
noinvasives/_QzJ-XJ__Uv9znMz0AeF0A,43.658488,-75.903629
noinvasives/_Rrbtal7LpCSMoP6PeyiyQ,43.586441,-73.64496
noinvasives/_sCI9wUKEuN89vZDDy-HoQ,43.570386,-73.669871
noinvasives/_tXQ7gJNKAz5rKtjCIFvmw,44.238422,-74.4774
japanese_knotweed/--VGo2FC28fi8-rFPKs5xQ,43.594186,-73.68464
japanese_knotweed/-43g8QznEMGjq0wz4o4ieQ,43.0396,-75.211937
japanese_knotweed/-GOP0NWTPhxZ-Wx8owDpCg,43.688747,-73.725995
common_reed/-hhLvi70zc-0At8wDEFYDA,43.1183015436,-77.595670274
japanese_knotweed/-iyJBBniiTd570DBkpWiNw,43.453971,-73.703467
japanese_knotweed/-Jn3Mnc0ECPqvKbhU3iEsw,43.034375,-78.82465
japanese_knotweed/-JRDsyFGsIEBj6_53OeaFA,43.509402,-73.790699
common_reed/-nGaf7BeGJFoGy_KKdZHTA,43.7592900054,-76.1947100002
common_reed/-piVqHZXAD3wiJik4XnbhA,44.5431705188,-73.50757369
japanese_knotweed/-qDUwHOFp7nGiXRwRLgqXA,43.446434,-73.720905
japanese_knotweed/-RmjMZ7Gl-4qMJ2LLVuLbQ,43.731495,-73.671959
japanese_knotweed/-sgJGo7RPH-gEXgYFDy6Aw,43.547824,-73.68376
japanese_knotweed/-Stw3NkxsCvRDxqsr4KDvQ,43.030208,-76.222127
common_reed/-ukGz9h7lybJ6BUaIQrLGg,43.9343042105,-73.7488470917
japanese_knotweed/-yCDFTa03ZQ_VEKd1OftVg,43.673737,-73.758487
japanese_knotweed/-zWdtdpH4geWHQND9cr7WQ,43.663393,-73.823072
japanese_knotweed/-_S-7OH-68y2GKaciVyLZg,43.697376,-73.850316
japanese_knotweed/02S2mmQJNNgkEuRAHPwTEw,43.588403,-73.661285
japanese_knotweed/0e0RO2RW3ixjXxrnqqilDg,43.615966,-73.678623
japanese_knotweed/0fhS5P10aoTd1byzlGm2Kg,43.411501,-73.69713
japanese_knotweed/0ixsps0LfbKyuFIzPxcXyw,43.339105,-78.185905
japanese_knotweed/0snqTQjosI3rZ3v1Su0Zbg,43.250136,-73.835703
japanese_knotweed/0WO-ruvaa3tDqHmV48AgEA,44.261469,-74.00833
common_reed/0y6nA_5bth7q1sP1464ptg,43.0468526182,-77.6668932505
japanese_knotweed/184t2A47pSqD9mH7crrAVA,43.610502,-73.656948
japanese_knotweed/1ASez5ijVhqhhGD1CZloDQ,44.034687,-73.604567
common_reed/1lPpUDhr0aLH4ca-ZMgbnA,43.992677545,-73.4531941902
common_reed/1Qqw3CjtbmiSIXqVB9x8uQ,44.667414,-75.015441
japanese_knotweed/1twPMzimW1bqj5-4G2pvyQ,44.261505,-74.008226
japanese_knotweed/1YaWLpCxQHYS6frVaDgTjQ,43.841137,-73.428278
common_reed/1zHd1c5mGnxGlyvvy8XXBA,43.991851,-73.452829
common_reed/20QnHnBEhKEoQAd6lNAQBA,43.1160904327,-78.4329543193
japanese_knotweed/2cqsGFpkxO5oxEz7yh4jOg,43.454034,-73.705573
japanese_knotweed/2j39sLdc9E0Fj3IS0SfrBQ,43.034294,-78.824597
japanese_knotweed/2LOXQ0CcXo09dWh_NQq6qQ,43.829212,-73.465715
japanese_knotweed/2nxaUlsQxl0ULUZY9raCTQ,43.538623,-73.691543
japanese_knotweed/2vhgx741W3MiUmCMRkM1vQ,43.693448,-73.711532
common_reed/2x42oJDz16nXG2dmE6aFQQ,44.4520479701,-74.8023739902
common_reed/2YZ_EOJfPozXJZbKj3y9ow,43.1197536848,-78.4473459225
japanese_knotweed/2zY1sBfGdYINAyMomyIs4w,44.335231,-73.775012
japanese_knotweed/363IwBS_22WvrEEg1yd8Xg,44.335483,-73.775196
common_reed/372Pr9rdR_KodMPtOoDHuQ,43.0744665359,-78.3814286344
common_reed/38dKOPTOtxLYUQPyhvUszQ,44.2713495626,-73.5193620371
common_reed/3jWa1VfUXUnXv5YkoxqJ1w,43.8987529205,-74.4360945481
common_reed/3PP6yL42gJW2xEl4DCsfsQ,43.0667096855,-78.1887209691
common_reed/45qg9IyrLCV3ovRaIJ3ykA,43.4864643024,-73.7538972309
common_reed/45wStbr_lMKVseVahqjnXg,44.665406223,-75.0280645996
common_reed/4AA72noGSthGwsEyff9nIA,44.1177988747,-73.6653186347
japanese_knotweed/4FwEfiLWviqk5JUZqCwrnA,43.053151,-78.770238
japanese_knotweed/4IiefCURPAZqMijpl-hB6A,44.221234,-73.607426
common_reed/4ML7dA6jWzbj055Iiela4Q,43.0115619621,-74.8543691869
common_reed/4Q6JOYbg5zOJX7_s5MZW1g,43.7355229005,-73.8248080404
japanese_knotweed/4TDXsNjGaKHXkf0q8SvqXw,43.584596,-73.644731
common_reed/4YU6XFbUkVSwOD_eJ2yq6g,44.7386727875,-73.7335114087
common_reed/5-iONpYwJ6BmTvd64OnXLA,43.1118508189,-78.4557331978
common_reed/51O9_riSE3Ad8OADvvEWFw,43.1242334389,-78.4547229634
japanese_knotweed/522_cIu0tocdugn9n6gKkA,43.23845,-73.841904
japanese_knotweed/56cUEhRqsV3VfyEzXUH1qA,43.588573,-73.661268
common_reed/5ay4Mrf9cgKnMFy6rpR4uQ,43.0745999653,-78.3806502579
common_reed/5CVOsWe9t2Dkm9JDSXJs3A,43.1780349645,-77.8030390182
common_reed/5ITvWVusavv6aCHQt9qFJw,44.1658159869,-73.5835099729
common_reed/5J1qQvo3f_vpG0rF4mqvVw,43.0665518513,-76.5371452152
japanese_knotweed/5luqGtXOkhNwFoFTH43_fA,43.571038,-73.669314
japanese_knotweed/5mdPvN3Lhohk5Z982m0p3Q,43.456995,-73.694822
japanese_knotweed/5oKMFD4bqWh9prXLgPzsUw,44.034709,-73.604427
common_reed/5x2Z9eHhbFLd_j828le72w,43.4359072988,-73.6254085897
japanese_knotweed/5ZhujMdQpiEICoVg4rorWA,43.560203,-73.65655
japanese_knotweed/6dqmsxnLcL8-LuX7pinx1A,44.317744,-73.782648
common_reed/6k_2uyuhAAUa3dkb4pJIZA,44.289698,-74.691476
common_reed/6siiM9rOM6QOztHjq1vs9A,43.845783043,-73.4434431302
common_reed/6WDTuoLVdk6SAdtfRtoBDA,44.2723490158,-73.5216508556
common_reed/6wkj9kEqvdynSYbtKJ2DNQ,43.553368,-73.668848
common_reed/78W0rKPkV7uwJk_ijVjZsA,44.4254594864,-73.4921403569
common_reed/7D-K75P1ng0mS-HdGFWaMA,44.3615305162,-74.7401776273
common_reed/7fgF5QTeqDRTf0lMUfnCLg,43.025849,-78.768018
japanese_knotweed/7hsl488Ntv8Ykfi9vWuKcg,43.829418,-73.465516
japanese_knotweed/7KmWzmj3YL5a2QIGmQt7vw,43.002758,-78.829996
japanese_knotweed/7lDV-SHSSQr3ZrWYzXLP9w,43.430633,-73.653841
japanese_knotweed/7lrWPvA9y9qKUOt6r4Ub7w,43.946049,-73.417657
japanese_knotweed/7msEOUTsEGdKv9vd0u8IWg,43.728685,-73.751513
common_reed/7O1QwOx6cKzvoqtuNZGt7A,43.0888408698,-76.3557154989
common_reed/7S3BYkeM7TFXjYWOvaiVOw,43.1846707325,-77.8468013519
common_reed/7sLt8b3xuK1bjQslDylTdg,43.2128299263,-78.064904843
common_reed/7T7mf4cvk1aIc2gz4-G_Ag,43.015007,-78.737973
common_reed/7tknf1jIETDdIAxEQU7EcA,44.1317927055,-73.5880723518
common_reed/7wQts6HZpcBpm7CcuTRq9g,44.1986490763,-73.520117352
common_reed/7xW_A1QQ1AkyVw5FCvWRsA,43.1258716155,-78.4739974481
common_reed/7ZNiG3iMQmF0Zf_hLH8s1g,43.1166686537,-78.4380396956
japanese_knotweed/7_v1IMQQ-Cwt7K4rsyUGIA,43.61654,-73.672684
japanese_knotweed/83eSh-V479eG6sYW7vcXHw,43.63541,-73.931363
common_reed/83KWU6WqDfPxg0wxMl-R7g,43.7270300068,-76.1765900003
japanese_knotweed/87d75soSwFVBFCkywCkpUQ,44.138194,-76.0653
japanese_knotweed/8BvZE5SyY_IhTZuidhzrvw,43.436343,-73.720753
japanese_knotweed/8C6Yb1hQkAQQe7SLkiUNLA,43.616957,-73.681283
japanese_knotweed/8CFcUmjrf_5kI4Eo58MtKw,43.537161,-73.667287
japanese_knotweed/8EllK9s2mGALaC-7IzzLFg,44.33532,-73.775073
japanese_knotweed/8FOmFlLk56AL1gu1HXd6ng,43.841238,-73.42827
common_reed/8h8pdtzFH0WzSZzgWvjC-Q,43.1220003697,-78.4569972348
japanese_knotweed/8kaUoquTIBq6iqP-7VxROQ,43.131913,-79.019698
common_reed/8r1wUrQNgYNlXA71KZLCdg,43.7613127877,-73.9515055988
japanese_knotweed/8VAMg_nq4bGL7kC3eJUhVw,43.57097,-73.669394
common_reed/9-_PTNqB5ESb_L-Qd1_TkQ,43.0011899985,-78.903630003
japanese_knotweed/986bGYwB3gv3U8ubJpqTfA,43.308768,-78.833194
japanese_knotweed/9NhO5BCQdyz3zju36w5OWA,43.686924,-73.73452
japanese_knotweed/9ourfnvvDoArbipldmmvYQ,43.552493,-73.660448
common_reed/9VHW-tyUnjeOTVR9bkiSEg,43.8184800005,-73.4358960502
japanese_knotweed/9xSp8A-LauYC8qR_j0ppUw,43.376995,-74.93569
japanese_knotweed/a-9JXv_RyDmRIm9p-nZZQw,43.252984,-73.836868
common_reed/a3-ALY_LVfLbc5Wc_3Wplw,43.390178746,-74.7817469813
japanese_knotweed/a4rdXrLo5aRYPZ3Bx7rN2Q,43.250221,-73.835773
japanese_knotweed/A8XKNRniNGBoqR5D-cEMng,43.194311,-76.398395
common_reed/aB52OPPMKG_HnEiY2IzsgQ,43.3024009,-77.722677
common_reed/adT34T9RiO7hmmyrKaFVBA,43.015616,-78.737966
common_reed/aIm-0M-bTkrstmBJ4HoWxA,43.8389346256,-73.4042116535
japanese_knotweed/Als15ddU1rtiGOA7SZ78aQ,44.289407,-74.683106
common_reed/AM035x05n8uRwW44ANMN_w,43.1415581627,-73.6554875009
common_reed/aNGJk9YgonzZWt7YjNN4Yg,44.0888000002,-75.9851847499
common_reed/AOgwcOq3r4veu6DMtG7iXg,43.0138745044,-78.7380870522
common_reed/AOQ0dhcGdmza-s1zWkADYg,43.0806568975,-78.0816242671
japanese_knotweed/APfHzDhTLARCzNuie73Syg,43.482838,-73.628689
common_reed/AQb04A463SzWOwswa_fGkQ,44.6928437576,-73.4948514345
japanese_knotweed/AqE0iuT2jAytaZ3IdWyiRA,43.54796,-73.683579
common_reed/AunKMssYqTwxph5V3CC5NQ,44.1988398066,-73.5192323437
common_reed/ausyC0aJ2h74mBWqbmvuqA,43.5325587346,-73.6611100299
japanese_knotweed/AWRs4RRRy2P9hZha23Zo0w,43.074533,-78.993175
japanese_knotweed/aXbanpaMfaalxAY-U1OgZw,43.67162,-73.768904
japanese_knotweed/AXV6MhXx0U5wyBNXzOGGYw,43.132029,-79.019729
common_reed/Az1hzBZAHVkm2Ve9xNkjBw,44.239055711,-74.3933552105
japanese_knotweed/B2Sk8O3YWGB-sm8OYCq9mg,43.731439,-73.671997
japanese_knotweed/B4A4XJWMyeDNB8-H0rNa3A,44.138056,-76.065132
common_reed/bai8ZWGqLmv7scfvAkF3Dg,43.7556299983,-76.1942099994
common_reed/BFZdfmuPXgzyWAf3yEocNQ,43.8585707064,-73.4361151006
common_reed/BkDC3FqNKBTyGEK-Qjy32g,44.0597233275,-73.4543011206
japanese_knotweed/BLxj7AikG8Gy4BDQmyfGnQ,43.216584,-77.943672
japanese_knotweed/Br0fD-F9emIX9TqOyeJV3g,43.663427,-73.823227
japanese_knotweed/BrSk1230J0GRuu-WnpFyTA,43.679485,-73.721712
common_reed/Bs1cB1IlFk3cd9mmjBKwCQ,43.1183277654,-78.4569723786
japanese_knotweed/bSeTaaCKBpo0y7cFZvnKdw,43.705133,-73.504353
japanese_knotweed/buqjuW6O0wKJ6_GkxO08ww,43.533064,-73.665355
common_reed/BYx2_wreVDUvNvS007AwLQ,43.2052470615,-77.9670203141
common_reed/BZfItxlkCWU25rivcGIVJA,43.004514,-78.819753
common_reed/B_nk3fDNUQsnBnOMqkwCNA,43.0333312239,-77.9674417596
japanese_knotweed/C0h4vVQ8O6PofvPp9k4LEA,43.610388,-73.656893
common_reed/c5mmFlTUs0LSGg4HJe-MIw,44.6670674435,-75.0146460733
japanese_knotweed/Cc4g53DRqy7ZseQQFXTC4w,43.604703,-73.654967
japanese_knotweed/CCAnqxVDzQ1bbTcLaHv6Nw,43.58661,-73.644844
japanese_knotweed/cDNmGWv0BVYN0eA3S8NwVA,43.690038,-73.506101
common_reed/cE14yjfIanRMFUCMIlwoHA,44.1660148645,-73.5834444593
common_reed/CgRNOlzyCVe1drjpFQF4PA,44.1826960124,-73.571333462
common_reed/CIePCxmegBe51VzlJ97mCg,43.8082299985,-76.1992399998
japanese_knotweed/Cl-yBLhX_sGoQwM9t-MbPQ,43.530008,-75.953433
japanese_knotweed/CMIiD47sJttz1urCx2o8nw,43.845943,-73.42811
common_reed/cN3QIhudT_PDtIh7DcsvTQ,44.4247271152,-74.7842999616
common_reed/CNMlGDGy_T8k3AUj55Bdqw,43.7631500029,-76.1959799999
japanese_knotweed/Cpg9IcF603lUx5P86LlEMw,43.552534,-73.6606
common_reed/cRZybw0QbI6aFUaYO4A8uQ,43.3901234295,-74.7821567719
common_reed/CWJoJHBTYX8lRgoyagnbzw,43.047631605,-77.6625104035
japanese_knotweed/CxEkHmTvb4xmo-LhW4Pq3w,43.520222,-75.822099
japanese_knotweed/cXfa1O5npdrn4N5jDUbgaA,43.251262,-79.031709
common_reed/cXk_tjY3hob8CRgzlDRiWg,43.1169427676,-78.4971335882
japanese_knotweed/czeBB5G5hwXUhihlZqbQbg,43.076026,-78.992618
common_reed/CzHZpA-3lk162FIiJ48Rkw,43.0034442907,-76.7122591202
common_reed/d3WvPj_ZStRO9LNGnnqMXA,43.6501704645,-73.6017943401
japanese_knotweed/DB8KjTfwSsfr5HzP2yQ00Q,43.256537,-73.837223
japanese_knotweed/DBm1uQQ9FtCxWqRWsPwKPQ,43.1165637128,-78.4385637993
japanese_knotweed/dERyZmJ5qEvhrvv5tAiXdQ,43.528813,-75.953637
common_reed/dGFToH1Nt3tIjhJUaGj_KA,43.185799486,-76.2206290131
japanese_knotweed/dgJ1K__4zTzDVUvZB-VyQw,43.673588,-73.758657
common_reed/Dj4Q5k2kHbOwVFper7-BAg,44.1999880291,-73.5166154608
japanese_knotweed/djVUkpCVnTb58ZyE-UMMDQ,43.588078,-73.661316
common_reed/DMEu9yZYtQ85ynIZb6jS4w,44.4250537187,-73.4922825699
common_reed/dmX28tfTgpplgEWT7XVTGg,44.2390794414,-74.3932633467
japanese_knotweed/Dqn8FqltzOXn1LSL77Rrcw,43.570852,-73.669491
common_reed/DX2yPlnpKAy5tWRmfsehCA,43.120000365,-78.4569328616
common_reed/DzwZYl0ueG0RgVDGYvJ1IA,43.0052683301,-73.6462160889
common_reed/EasitdMIa14tiAbRtg9qhA,43.0004300027,-78.9030000029
japanese_knotweed/EAvkpsyRH37DrfasK6RMzQ,43.849702,-73.415944
japanese_knotweed/EEU26pcUQfyau6_L9Yv_4A,43.080841,-75.144417
common_reed/EFmwBoPg5B7w-3TFKl169g,43.0809637796,-78.0816260812
japanese_knotweed/EfOpAXVq2NPmMJWOZAc-1A,43.673666,-73.758571
common_reed/egR4Ue-Lyoti_TNqShn9bQ,43.817273128,-73.4378424803
japanese_knotweed/Ek10Y5XZFksIw2ryakBJaw,44.214973,-73.588455
common_reed/EK4p8Tbcsj-mm59KQ5oG-w,43.0953382022,-76.0247140489
common_reed/EKXHfxHuTuxR9FqR7pcKBg,43.2137166713,-78.130816668
japanese_knotweed/eKzEmvdz9sX_viZKBWAIjw,43.030136,-76.221844
japanese_knotweed/eMyXLnsZvYResyq1x39u1w,43.616897,-73.681191
common_reed/eP7eNec3lA-UBapdvvez0g,43.8573187348,-73.4462412902
common_reed/erBJBBVCNSyqcJCxSgQs9g,43.1205859306,-78.4568890087
common_reed/eUva9lJAdJGHlySnWB9mRg,43.0469801,-77.6693169
japanese_knotweed/ewy1lR1ECe1eP_1CpPoyaw,43.69862,-76.029012
common_reed/e_sDH1r4799K3UAyN2YU_Q,43.0472881871,-77.5958272516
japanese_knotweed/F4hGxyJV1I8lzC7jpW18hg,43.808325,-73.458255
japanese_knotweed/F8-nuhKpCSK5jG4XUdvppg,43.527902,-73.703369
japanese_knotweed/fC6gUYoNMd6ejsy0eLeSMA,43.635374,-73.931555
japanese_knotweed/fIlSnAbzF6u1877TBmrcNA,43.339101,-78.186208
japanese_knotweed/fJmx3TZhJVCbgDxh_ItZ5w,43.079106,-78.966635
japanese_knotweed/FLgBT5874Xq21P7Z2DWImQ,43.808864,-73.457424
common_reed/FNrdbkWDLMwnQgQLJXNWpQ,44.6656896618,-75.0275242384
common_reed/foI1OcETRmeOUQN4AITTbw,43.0954995229,-75.8451502246
common_reed/Fs7dYZb5uIR-0CE-CmEKvg,44.667411,-75.015217
common_reed/fsOMHqy1_Dl2Xa1bVcFRhg,43.6864048498,-73.6846912002
japanese_knotweed/fuQV8Nipz10rnnrMVlwmXg,43.54103,-73.817232
japanese_knotweed/fXB-rFpelfOEqWYzn5sjJw,43.046678,-78.769765
japanese_knotweed/FxshqrKVtpVvCkM2evxXtA,43.567433,-73.660078
japanese_knotweed/fYlUzXa6MMytY_HPIqB1zQ,43.97548,-75.601254
common_reed/g-6mQj6ezLb7NH7lewKGAA,43.0745621497,-78.3865089168
common_reed/g1Al41tw4ITseJK2LORAZw,43.0744943598,-78.3824888228
common_reed/g8ATHK93RYxBXFOyZZUEaA,43.0136237227,-78.7383276765
common_reed/GAIiCwBRHfY_el5jz0cFbA,43.1130342669,-78.4276103735
common_reed/gdU9MHx5nr3hpW7IvOLuyQ,43.509726183,-73.7050504305
japanese_knotweed/GDydwcXakfKwik5L8xReww,43.594088,-73.684611
japanese_knotweed/gdziR-xWnNi8guT3PzpaXA,43.720281,-73.689935
japanese_knotweed/Gj0Jm6CEoS8JRpFnfKStQw,43.256654,-73.837229
common_reed/gJzmoXSnbXxAFSFPaX-GPg,43.6990001247,-73.8065476501
common_reed/GLs-ajx-UcqulS-SWvx0Gw,43.1911696564,-77.8881344908
japanese_knotweed/gnHw9mBsw_4WFlOhzOA9Nw,43.076059,-78.992797
common_reed/gNRqHnUTPN8OIGlLRa73GQ,43.0743914947,-78.3778316129
japanese_knotweed/GPJdMvTYSz2djaRcsk1uug,43.258347,-73.837505
common_reed/gQtJIY_8Hiot0dpBP7N_gQ,44.6391666688,-74.9658333336
japanese_knotweed/gVVWW97bzP7uVdT-UNHa-A,43.463725,-73.642285
common_reed/gvYrCEzej6soWNzKD6gmNA,43.4920680954,-73.7516465589
japanese_knotweed/gYjTGCliko5pGJ1fFC8wVA,43.54471,-73.693705
japanese_knotweed/gZBsGK884DRs5vPlgT9iHg,43.238333,-73.841909
common_reed/gzqxznrX-sE2f4zQLsO3ew,43.1257477996,-78.4720207891
common_reed/H15VEWLBZ81mDAFVmHyy8A,43.1417551,-73.6554597
japanese_knotweed/H4s_-o04R41oEVJCEfcbKg,43.611219,-73.62712
japanese_knotweed/h8evlFGKOD_CLXxUl_Fhiw,43.842842,-73.432349
common_reed/HBCelNMhW83Rh4K2xdpXpg,44.1669832848,-73.5845857164
common_reed/HBPA_8bSMdjYNXRTuIQFmA,43.1175886722,-78.4564962859
common_reed/HcUQuARLddr-J4z_tFpHRg,43.1110277856,-78.4556731525
common_reed/hF0v29hHuwF9npkiEiP-zA,43.836549,-73.435138
japanese_knotweed/hGtRLN-98xj-dm58cMKMfA,43.975435,-75.601146
japanese_knotweed/hhxuzVzCjaI1v1_gwph8Xw,44.22731,-74.433432
common_reed/hJXQzMFvlKPa6p7dWwTXoA,43.0032977678,-76.7109417622
common_reed/HMILRVRmpEDGNSkeoqZMxQ,43.3025328176,-77.7224911368
japanese_knotweed/HR2BF65IcI3kUcuG5bDSnQ,43.7765050716,-76.0181924767
japanese_knotweed/hR5ZkWZDwGgenxPDrXH14w,43.615982,-73.678745
common_reed/HRggkFUzYZpXDZJm86ghtg,44.667210115,-75.0159194289
japanese_knotweed/HUuWVig1nN01D6QpYxkDvw,43.7986010482,-73.53025413
japanese_knotweed/HwQNAYTOGV82CaYuhGgP6w,43.1895989,-73.6491374
common_reed/HwUECcZfmy6MqPG-El8f1A,43.1466238206,-74.2295415297
common_reed/hXd8O34YobieE6dzG_zLXg,43.0003609156,-78.7405729348
common_reed/i1z6rOzebwttQNboc0jQIQ,44.667413,-75.01533
japanese_knotweed/i1_z3LJMjr1HGGmBMY-VVw,43.250367,-79.031517
common_reed/I32VLOtV4SF1GAYGx3z_cA,43.1786635134,-73.7432957743
japanese_knotweed/I4BoOpCHox8M4io0z1BOHw,44.317862,-73.782499
common_reed/icjOY64gAOpO3n2Ux921Lg,43.7615230083,-73.9512543246
japanese_knotweed/IIACIPyPO8JFsk0RjprPuA,43.610324,-73.693472
common_reed/Iiazkm7hiS8IFKnlTEBTLQ,44.1700426663,-73.5833039785
japanese_knotweed/ijYolfO-3WYubn9uC-UWRQ,44.261542,-74.008121
common_reed/ijZaBu-8s0BffIbtRW07EA,43.0476207062,-77.6628056416
common_reed/ILbB4fWZINgZPIA1AGR2nA,43.003257,-78.802747
japanese_knotweed/ilFmtP6z9MjA7941ooMRHw,43.663362,-73.822929
japanese_knotweed/IMb8YDKEXmVvVSfbZpAAnQ,43.053034,-78.77023
common_reed/IOyXjv9JNg0eVAUmuSkTdg,43.1332177267,-78.4951178846
japanese_knotweed/ISLle-286XWC6smhgwV3WQ,44.335143,-73.774957
common_reed/Itd0Dbk4zgKfY2ETy_UYLw,43.0692634944,-78.7500630176
japanese_knotweed/itl4oXb5O1CXG7uCnSBfiQ,43.004611,-78.823709
japanese_knotweed/iWEOkr1vIVsv5UeY_PNo8Q,43.843015,-73.432419
japanese_knotweed/IXQ4L1HPb8F6gu_X3NlBqQ,43.253222,-73.836918
common_reed/I_UH9BbJfRwIn-ataHDx1g,43.8549748591,-73.4427187502
japanese_knotweed/J1jkIdYuHPEMZ9Admcb4VA,44.209366,-73.509942
common_reed/J5Ou-ce5-MFk0cx5U3KMPQ,43.1463852566,-74.2293730916
common_reed/J7pyaE_HpJ8pR36qbidimQ,44.4307733651,-73.4911790521
japanese_knotweed/JcjaHl8puxno5jHBydpZfA,43.610118,-73.693365
common_reed/Jck2vL5uQlzbf4GCvshZuA,43.002741,-78.802734
common_reed/JDt9viXsVsqkomfawKwuzw,43.3938511365,-74.7407972422
japanese_knotweed/JFb2ci19zRp5siba1soX2g,43.673539,-73.758711
common_reed/JHkbsfYotzFFiipBG7UcgQ,44.3853784711,-73.5072465556
common_reed/jiImMsVrlpYPA9ILHgtgXg,43.0113578676,-78.9636394906
common_reed/JJCNahkLuAsk5chH_QziPg,43.0813260013,-78.3915603387
common_reed/JLPcsb_6NSexdzftMCbnVQ,43.6964795648,-73.8535562205
common_reed/jMDDOcvZxmAictybPZC-HQ,44.7687211549,-73.8029999094
common_reed/jnf4gMDVwmbuMxccpuoxJw,43.9658692424,-73.4320565293
common_reed/jo1aUm0q0TcohJd-YoU3sw,44.7690911844,-73.802801545
common_reed/jrZQgFMfJI-U86MKuaJ0Fw,43.6799295347,-73.4158238701
common_reed/JSjkUvBLvzfDxKX2S3tOBQ,43.3151732208,-78.6061212359
japanese_knotweed/jT9PR5tjx43rKaNYjGOHlA,43.0980042875,-78.4549972348
common_reed/JYOhRX6wnHjPkh-B6r5WIQ,43.9472130313,-73.41768333
japanese_knotweed/j_Y4Nov0U3XQy9lub_lrZg,43.703403,-73.504793
common_reed/k1jPiXfhDzaXxzEH64iLZg,44.4518011442,-74.8012967679
japanese_knotweed/K7sGrkeRobti90Tw8Fua4g,43.376121,-74.938421
common_reed/K86vj6qY0e_q2-iAB3msVQ,43.1061575,-73.6298721
japanese_knotweed/K9p1e6Aksb5G_GoaCwveUQ,43.56677,-73.659768
japanese_knotweed/kdGhahzj-o5DpvOAPLj8HA,43.610221,-73.693419
japanese_knotweed/kjafLUVPL1lKUwyxH1PA7g,43.585524,-73.652633
japanese_knotweed/kmkYEOhvdgz-tZ1gDWOF_A,43.131798,-79.019667
common_reed/KnPvWTCz2y2DxeygOcEQIA,43.015672,-78.737965
common_reed/Ko8wNtz9bP50Wy8U64ulBQ,43.6966579067,-73.8534989283
japanese_knotweed/kRE6NAjp5e4MEYh2BNmSaA,43.657831,-75.903167
japanese_knotweed/kRMuWVFtGwbzK7_qBYNBdQ,43.544769,-73.688895
common_reed/krqrosu9BxQ7g2gVNyCjfQ,43.0490091886,-78.9903030324
japanese_knotweed/krYDK1eUNwsESm63IoxiMQ,43.533077,-73.665622
common_reed/ktKauYLCoulaKETajgRz9Q,43.1980345481,-77.9311392425
common_reed/kTz89e0Lh8Sja4jApyOcnw,43.6931178662,-73.8042206869
japanese_knotweed/kVyfoz1FNyuZLh2YNmA7SQ,43.376853,-74.903787
common_reed/KwPBDFDgNIWveNLKEDClNw,43.516902,-73.790853
common_reed/KxkuSXmIoHe2xqchJIwtSQ,43.8542468228,-73.4144274082
common_reed/kXQc7502GdPhDLk_-cP7yA,43.836531,-73.435081
japanese_knotweed/K_nbF1ZoMmWthpVupBRjHQ,43.689996,-73.506112
common_reed/L0gnG6IcfXwOvBfr7_WPfw,43.8174617975,-73.43781269
common_reed/l7nCLr1OL-rHfsqY369GKw,43.0467236637,-77.4813248732
common_reed/lB7lu1JZr5IU9o8OWc2lnQ,43.0094783224,-78.7381659316
common_reed/LbdarZMo0TnSHwXrNPONTA,44.1732737122,-73.5821824583
japanese_knotweed/lEBWAwCeYxJuqnp2jGDDmg,43.004595,-78.823867
common_reed/Lfezd8YdEmxVDMZ-VWtjaw,44.0708611167,-75.7712833328
japanese_knotweed/lGLdlqq5iJO0gUNVrusq4g,43.945933,-73.417657
japanese_knotweed/lgyMDVD45nY-i-2tAddxPg,43.339102,-78.186059
common_reed/li6HQ7Ad09ucp4r0Yo6zPg,43.1984925485,-77.9533939343
japanese_knotweed/LinTgjoPa1v6YlE3wTM8Uw,43.534343,-73.79944
common_reed/LkI-hx8ZuZIVTlnl4JDk5w,43.004397,-78.819701
japanese_knotweed/lMHbW0m5u6-lOjamDyLSBQ,43.216416,-77.943643
common_reed/LNl_YB35Lwhzul9GASXVPA,44.8402559712,-75.2542799997
common_reed/LOMjziUeZZcPkrQt1MJ_0w,44.7024884347,-73.4948192632
japanese_knotweed/lPDWQrBgqAiE3i2n5JyfJw,43.034453,-73.54474
common_reed/lpzkXCOZQt7PYdTF2hCFag,43.0745313924,-78.3839663619
japanese_knotweed/Lshd6JJ876voe2vhRoV8Ow,43.616549,-73.672807
japanese_knotweed/lV7SweBwSDrH1lIfb3w_jg,43.547892,-73.683661
common_reed/Lwga6qYPidYSgrrs2D4nKQ,43.0520928607,-75.0947329433
japanese_knotweed/L_U74bBqmek3fHGErEV5aw,43.812408,-73.495314
common_reed/M3NwFEqsxfFNk2a2L4iSEA,43.9579647006,-73.4307801001
common_reed/m4yklHly7Cjm7D-b7jsvsw,43.014881,-78.737974
common_reed/M5toFeIl1FtJhavvdXCpeQ,43.1954333361,-78.0611166671
common_reed/mBLNSKJQwL2ygNp1gqJXdA,43.6293246914,-73.7985215342
japanese_knotweed/mJqshRMWFxEITDihqA9Lkg,43.552454,-73.660298
common_reed/Ml8f6P1KYyU_bt6Qpw_ZXQ,43.8458678979,-73.4428408706
japanese_knotweed/mlhAJFBiigZLxpXqZoyTIg,43.002715,-78.830117
common_reed/mlPLgZxjh59LECGsI7jEVg,44.4954086507,-73.4991477802
japanese_knotweed/MmeUQeAnZi9HirAC9V0txA,43.894783,-75.392987
japanese_knotweed/Mpw3hIHax0OryxySanEs7Q,43.570456,-73.669794
japanese_knotweed/MT2bn2O8mkUcNWTwYOY1qw,43.731473,-73.671882
common_reed/MTrAQ7ioUPXf0lJ2Hrk9Hw,43.0389894176,-74.8396082397
common_reed/mwC2TmNhvRRTpyNnPxValA,43.003329,-78.80275
japanese_knotweed/MZbMj4KnezFckQeBTwGSdA,43.464836,-73.639128
common_reed/n4aZ69RxiFbXuTQoTQ8mug,44.3914362076,-73.5030351306
common_reed/nbdnwnDkObO78Xmir5g0iw,43.0134153816,-78.7376789284
common_reed/NeuiJRCBzWnFMg8baMWO-A,43.3149663226,-78.6061502357
common_reed/NFmFpGlo5PB0s3o0iZj7-g,44.034038,-73.462429
common_reed/nHQmt7n-Icx-mbSgii0r5w,43.9920064148,-73.4528645199
japanese_knotweed/NhSwYerM-WJ5hPFy-HWhpQ,43.015494,-78.737967
common_reed/NJAlmGuZrPEn6rQeCQa8fA,43.0355962658,-78.8255450992
common_reed/njeUsIa3lK7fpDCtTo2TgA,43.657664,-75.903022
common_reed/nKxtJE1dwQ9fHj8hKyFo1Q,43.5297832115,-76.0384813459
common_reed/notc62H74r8iUtLw_H4MgQ,44.6674192233,-75.0120254388
japanese_knotweed/NQEgtBdt019ddnLt21ui0Q,43.253098,-73.836893
japanese_knotweed/NqEJnpa_M0Ixt4SGSleTzA,43.559226,-73.668653
common_reed/nQw-uTUX8vZWfAjnmUTjgA,44.1535822486,-73.583639673
common_reed/NszolgqJk6ZnQtCTQ1732Q,44.3062006724,-74.7160016527
common_reed/NuYSOfUnkHZVKN0KXv3F2w,43.1982690246,-77.9586364196
japanese_knotweed/nZbzgjHG1Z5Fu2uRQdOFwg,43.53726,-73.66726
common_reed/o3OBVDowbBuAEVINmVHF-w,43.0317186036,-78.9810443571
japanese_knotweed/O757fMMcML2lqpLDaqmyWw,43.701867,-73.506038
japanese_knotweed/OBBEZDECFXfL50JgA9joQg,43.376754,-74.903926
japanese_knotweed/od4JNSIw_Wtx9HSClwIpAA,43.841042,-73.428286
common_reed/OGk4NyhWU9vhRnCwtoXmIg,44.2294682272,-74.4266348097
common_reed/oGNKXXKv7ceqffZz6j1lSw,44.1684443125,-73.5836396726
common_reed/OGwp8jdDgSjwQhCQbEC_vQ,43.6930911656,-73.80367137
japanese_knotweed/OG_HVK6xesONWZmrr2Ucgg,44.317803,-73.782574
japanese_knotweed/OJs5CdEeQJ1xrJ1sgOxV9Q,43.688734,-73.726275
japanese_knotweed/OS_PuXRNy4W3tE6RvkATQQ,43.812575,-73.495424
japanese_knotweed/ovQ-i3EWduwRTHNZhmUG7g,43.53307,-73.665754
common_reed/oX_wxsbpWxSlKrMpfcBrlA,44.6672222221,-75.0119444445
japanese_knotweed/oZ1beCnhNYkHeVpuKPRLEA,43.842929,-73.432384
common_reed/PEiY1oMHf8_SNJNjl58Vew,43.8586703345,-73.4346721799
japanese_knotweed/Pg3oBXc1oVPvoT20DIZfFw,43.295549,-74.982003
japanese_knotweed/ph8HihW5JssvAYmDrS176w,43.250306,-73.835843
japanese_knotweed/prR13sqZeLFAW7_E9neMYA,44.034711,-73.604306
japanese_knotweed/pTPeI3T3oALRhAWEONijkg,43.5665031,-73.6599295
common_reed/PUSe0Cr2SwVZFpWgVHnYjA,44.188911919,-73.5622765004
japanese_knotweed/PXkyfCLd_Ooq_CITdrIr-w,43.052783,-78.770213
japanese_knotweed/pyPdaOhZdJ0kI1UIQ_YdOg,43.552574,-73.660753
japanese_knotweed/Q2x3q71iXLWGd0-1UaX5GQ,43.616557,-73.672931
common_reed/Q6hHqTm2wQOPHl_eYAT9IA,43.0179902406,-77.4885345592
japanese_knotweed/qa4F9vtdI8U2K99hqZgC_g,43.693428,-73.71166
japanese_knotweed/QBsqw3iQ_ga4X1g4JUVVUg,43.559261,-73.668678
japanese_knotweed/QcTzS95oYlq1kUrw_RZKOQ,43.544707,-73.689003
common_reed/qdBv5f8BB8VIQ6qxBbTaEw,44.03387,-73.46248
common_reed/qIfUMGR2OHzU-RSf3VnjOg,43.8594954966,-73.4257587603
japanese_knotweed/qKaFtbiCr0H8DZqA2jar0g,43.567334,-73.659824
japanese_knotweed/Qlb-fQtO1sZoLARJiIRFXw,43.680708,-73.745104
japanese_knotweed/qlsJnHFpLz9_0IFRLQoVTg,43.798469,-73.530656
common_reed/qM6-KAyQ9u8hJU3mUDUJhA,44.229519904,-74.5665506977
japanese_knotweed/QNUzkPd2alI0CzInm8H2kw,43.615998,-73.678867
common_reed/qOmuql5bxdRG8-sh2ZymXw,43.1922772988,-76.2373977297
japanese_knotweed/qPCBpbdiD4J-5PvgAVlZ2Q,43.663331,-73.822788
japanese_knotweed/QpetYcUACzURhOcVf8nFNQ,44.335405,-73.775135
common_reed/QVyaN74hrxnE3Zoy23XZQw,43.848793864,-73.4026077605
common_reed/QW1gLcM7BZo_CqdVF6D5bA,43.3901627816,-74.7829395103
common_reed/QWz_pzcDo457GGskDEm5yQ,43.1160199504,-78.4562439991
japanese_knotweed/qzDY3W1dOmWw-e3RoZyNiw,43.377023,-74.935599
common_reed/r-Xkohtsumq0YSlA6CHYkg,43.1982015195,-77.952021323
common_reed/R68Y2g2YK6f4Sf6RlZ25EA,44.6645288536,-75.0283519534
common_reed/r7KfYe_bkTRpL21Fc5I4aA,43.8021533422,-73.9954742776
common_reed/reRtc2SY6tWg2Rs2rDQpYw,43.3145232192,-78.6061725999
common_reed/rgqdYlWxFVhtDrMxL4TtRA,44.0608977834,-75.7617322224
japanese_knotweed/RI2nOPsYgsMWnOcr-obK0w,43.600021,-73.636012
japanese_knotweed/Rqv6geaqThUETdYLnNdQMA,44.227144,-74.43397
common_reed/rQyUegWR-OJhr68Ddcxx_Q,43.0468200634,-77.6703077114
japanese_knotweed/RsbLs5WOAf1vq3g6yIVEGw,43.829317,-73.465614
common_reed/RV3TbzwNfON7btI2UlHy1A,44.7417359933,-73.7354492746
japanese_knotweed/RwWCcuAfeicgpmtLGXidMw,43.585347,-73.652533
japanese_knotweed/RYceUCT-DOqvGddAgTlpMw,43.688741,-73.726134
japanese_knotweed/r_2TSJEAw5kBrgzk_MXqVw,43.570618,-73.683062
common_reed/S8sVpGb7sPNh_IPNPRucyQ,43.0252417969,-78.9767153437
common_reed/sbXBh_x2U4Ke2_bjbbdsLg,43.0956595287,-75.8718930013
japanese_knotweed/SbXNqHvlp1tcv2MwW_E2QA,43.43627,-73.720684
common_reed/SEy5XxJM6UIeEXUuKaDV3w,43.042266,-78.769128
japanese_knotweed/SGH9uAvM3zzIX8q3pOum-A,43.002675,-78.830227
common_reed/ShLGLcjp9i6THHDyGMNztA,43.6218967498,-73.6093647494
japanese_knotweed/sjcBx8jUnqxbI7671p7I5A,43.376965,-74.935789
japanese_knotweed/sKadWnhtWAUWfvgGxLE8Ng,43.720314,-73.689852
common_reed/SKcvJ102nxqCO63ctK27sA,44.6675000031,-75.0172222224
common_reed/slWZI9hJAqjSYyNWyY1PcA,43.5095021431,-73.7091253595
japanese_knotweed/sNNqNYGbo6cuEkm3w_7-kA,43.616832,-73.681093
japanese_knotweed/sNpdEpy__KEbb95csJwUGA,44.138126,-76.065218
common_reed/SOsBrpYIsfqlvKP8ReJGcA,43.991919,-73.452863
japanese_knotweed/sRf5ysGWdzk1mi6jV9HK2Q,43.052909,-78.770222
common_reed/SvFudiopWs2V2W1fcV1Vnw,43.0744115522,-78.3787700468
common_reed/svm37y9rRMd5eUp1o7maag,44.1312510223,-73.5883698981
japanese_knotweed/SVt5OOHV6FV4fe7ZvZJSMg,43.015129,-78.737971
common_reed/sXsYbTG9vtGN0xpv6KnEWg,43.6798770436,-73.4156557529
japanese_knotweed/syAym_95RNylY18fnfYCBA,43.250043,-73.835627
common_reed/tae9xf8dnBUcCe33vHZMjQ,44.2311693624,-73.5035310524
japanese_knotweed/tCrAfHL-7ZObon0LdbRuHQ,43.308662,-78.833296
common_reed/teADZ8kpx0R2nKuPAcu01A,43.7684047268,-74.0947174119
japanese_knotweed/tKqQiXNzykyRYqnPKcg2WA,43.595126,-73.678438
japanese_knotweed/tWmoQYJIwzaF8ao8a7hbJQ,43.731393,-73.672153
japanese_knotweed/txzL1fvnHaQpm2bFRRenjQ,43.588492,-73.661276
japanese_knotweed/tYC07ptYPI8fk1QZnXJbig,43.534293,-73.799291
japanese_knotweed/TZCluBR2XdeYqyBfCTx8Og,43.945807,-73.417657
japanese_knotweed/TzoxuiZZ4npk01G0fMveDA,43.086096,-75.752563
common_reed/U-3Py9x9IXyCsrOhthMinA,44.2792726832,-73.5281282084
japanese_knotweed/u6RAenUJIgsZ0hdB4PRoBw,43.79849,-73.530497
common_reed/U9WZX0gU63jYXqjUKHiutg,43.8150399992,-76.2015500002
common_reed/udoggkKae2qPBKRwo5r3xw,44.2303301664,-74.423361069
japanese_knotweed/UE27CN35GFcF8noD1Hcu7g,43.030173,-76.221983
common_reed/uHiK7E9wTOvGApqbatYQ6A,43.1240003672,-78.4579972357
common_reed/uIha9PSIlGYN_TU3nklcZw,43.4440401998,-73.5741124103
common_reed/umhIZnDpq_L7NDZzN9VBaQ,43.845725793,-73.4434421001
common_reed/uRp3QQPOxDYhvSshNXdtRQ,43.8383698787,-73.4445315103
common_reed/UxDYPeeOPpzgqwjXKmfDBg,43.0013155694,-78.9419705608
common_reed/UYBCVz0StZon8_zlTUf19w,43.0141889181,-78.7377227191
common_reed/vCCumolIAEIQDjJvgnUipw,43.1920629928,-76.2371825072
common_reed/vCZS2O0zkyceuEnne6_bNQ,44.0611074889,-75.7623209672
common_reed/VeohfH4hlZEaIR-cMZOu5g,43.9580976635,-73.4308089401
japanese_knotweed/vg62WbrzpWutFd4QIDo2vg,43.565393,-73.684032
common_reed/vGKMXKuNz7GPLZYC7-kNlQ,43.047849391,-77.5965421537
common_reed/vGsK0nebWQi5mgKPiTJ89Q,43.8020100006,-76.2005000002
japanese_knotweed/VhA-FoW15OCSVwQLJy3gLg,43.520031,-75.822283
common_reed/VI8zFn6QTledgU53iI8HxA,43.1229964518,-78.4569972358
japanese_knotweed/Vj93Y3B5fEYThTeZl9Nrpw,43.844211,-73.432898
common_reed/vk96OqEJCvoO2jw-AIt7oQ,43.1922006044,-77.8900072986
common_reed/Vllmz1DhbcCmdqFdwx_FmA,44.6670092107,-75.0170797694
common_reed/vMvZ0qzmBdcJqASzViH_sA,43.5634694923,-73.68434806
common_reed/VOna94fttg_fUoHl_ZTcnA,43.836513,-73.435024
common_reed/Vtvfou_hZeXpkKeQKhBiwg,44.7394929485,-73.7341751659
common_reed/vUn9Gji4p80r-jxinY-Nrg,43.8588909041,-73.4413600396
common_reed/vVQ1rQJMDOAUAklHhiz2Pw,43.1243240002,-78.4579353324
common_reed/vw-YXUZXgXk6H_VEAYGZwA,43.8464609318,-73.4402739203
japanese_knotweed/w-uTeIVw_1ftUUz-mG0_fw,43.812489,-73.495367
japanese_knotweed/w3J9zrE2nPasCzDDfeY0Xg,43.376665,-74.904059
common_reed/wf0P1y_guiarOAQBM4LtmA,43.2451699985,-76.0630599994
common_reed/WFl_ZE4JCItHkoeCa3kYdA,44.209060682,-73.5062610705
common_reed/WgN0A77rTJymx0CcHvQeig,43.8896100058,-76.1346899997
japanese_knotweed/wH6DE_5e8HHlqDqV2ESJBA,43.560109,-73.656506
common_reed/wHgIeKaw5gy1PcDm3XFswQ,43.0432170764,-77.6896555427
japanese_knotweed/WIWflgSAN1_ybX1s8KntnA,43.375928,-74.938551
japanese_knotweed/WKCxB69rzQsv50rcn2zuWg,43.253338,-73.836942
common_reed/wlMOKjwGxmdjIWvTEG15Ug,43.2068900035,-76.1281081504
japanese_knotweed/wnglIJZJ1I4JujcOtpRsvA,43.250447,-79.031601
common_reed/wO-F1PjLa98ywuKgAFiwPw,43.5179580143,-73.6917837996
japanese_knotweed/Wp4FXT2a9KuTfcn1ufs37w,43.585432,-73.652584
japanese_knotweed/wtxCEnDma1otgxJghrywrw,43.08089,-75.144548
japanese_knotweed/wvbcIXfywc3j8vfONtsXUQ,43.250278,-79.031434
common_reed/wwAnpuvHE3_oMMF1fNlseg,44.1176725798,-73.66423746
common_reed/wwWELlJT5TykFcLVTYjv1Q,43.849691306,-73.4069133707
common_reed/WxMoEFq_ZchCrrO-D8-mRg,44.6971248,-73.4834229
common_reed/WYHX7oEs2Q_zKYw5ZJ9f6A,43.0624996811,-78.7176418863
japanese_knotweed/W_31Dh2KWaFb7ri68moUNw,43.034464,-78.824709
japanese_knotweed/X9vC1zAkxV9TIM3Vl0LzNA,43.0043,-78.819645
japanese_knotweed/xBQIRL1Uze9TXMOc9P23yg,43.946167,-73.417656
common_reed/xGr18pqZ6EVGx6RZdsUVbg,44.0551944473,-75.7550677783
common_reed/XhMDkkEinbeTZyCXCivs2A,43.657747,-75.903097
common_reed/XiE2QFLihg63Siuxo0PzNQ,43.1660221826,-74.2124313417
japanese_knotweed/xJEwH7YATF3hl7OLD6mPcA,43.606713,-73.660379
common_reed/Xm-G3ojlGNnORrsGW7D1dw,44.6672592962,-75.0157188939
japanese_knotweed/xMwT6y1YTVO90VzLilQxVg,43.295472,-74.982037
common_reed/xP6nC0Y0TC2z0jEB67hNZA,44.4952919948,-73.5008591595
common_reed/XPuMY2IU07UnKkxel-fbyQ,43.3880340841,-74.6982353594
japanese_knotweed/xQmLFn5pvbsYFpEvNc45bg,43.086091,-75.752422
japanese_knotweed/Xro51Q-4tkfuaUkaSrDvRg,43.845867,-73.428176
japanese_knotweed/XTBfBCSIKeB6AZGcHfJhLA,43.67381,-73.758396
japanese_knotweed/Xwag3mISNq-7-Vjxm2Zppg,43.534247,-73.799151
japanese_knotweed/xXBHNGaQtuF3qz8EHTElWA,43.616667,-73.697396
common_reed/Y4HM8QBMOsRX2Po-D3hiAQ,43.0465219146,-77.5692369484
common_reed/Y9rm0iGo6Te3QilzpPbXxA,44.7434983837,-73.7371582582
japanese_knotweed/YaUyhEqgQM-ffKySNEdizw,43.720227,-73.69008
japanese_knotweed/YeO7IhTvhYFKUr8UfblObw,43.69032,-73.856404
common_reed/yh04OC_R8iboDkMaxnQXPw,44.229971581,-74.4250776834
japanese_knotweed/yl3Zb1wdTpDKK5aPnG781A,43.520127,-75.822193
japanese_knotweed/yo6WHoKHnpj42WLHSuoocQ,43.679643,-73.721758
common_reed/YqpYQHGIdqd9AjXGf4R21w,43.1163726903,-78.4331133
common_reed/YV6ueN78FWMdDlFF2UV3bA,44.6672704005,-75.0160763305
common_reed/YZsk-bhwEsCpycev06ngZw,43.0108013837,-78.7387153725
common_reed/z1CdxHf1bcTt6nXINQMDog,44.033948,-73.462461
common_reed/z4mS9OsI1kjuYB37HBtseA,44.0551979404,-75.756352733
common_reed/ZaADiVOlfL10NKLJi0GnvQ,44.061888,-73.454372
japanese_knotweed/zanSb-pCsrskPCqgulAVkg,43.566674,-73.659797
common_reed/zhbsHkh5gkMdnACqLazcGA,43.1032091205,-75.710777162
common_reed/ZI8urSUSmn63ClUKgPnEkQ,44.7433953863,-73.7366241995
common_reed/zqfEXZdRTFI5pyVXUputpA,43.1120121195,-78.4558577602
japanese_knotweed/ZvACjuCH2Rrjq1t65aZkzg,43.603947,-73.665374
common_reed/zwZJ2BHZxT0USuN_sDf7xA,44.0865619995,-73.4572082303
common_reed/ZyJPLpbGY2jQVAEgPNftHQ,44.1684557516,-73.5845857166
japanese_knotweed/_AvizCGSisXGCEmS8RKRdA,43.533079,-73.665498
common_reed/_mKfyKFfzWU9r8ohla0z-Q,43.074865,-75.139679
common_reed/_q48-IjTAHk5rOqfn-DjwA,43.046733791,-77.5728745606
japanese_knotweed/_Ul7jebZqA7S56sl78w2cg,44.227172,-74.43388
japanese_knotweed/_wVsvdUoEHBh1wJgpT03uw,43.572468,-73.684006
japanese_knotweed/_x3E7LvMrH_wIk84XvHV7g,43.528755,-75.953671
